{"numTotalTestSuites":433,"numPassedTestSuites":411,"numFailedTestSuites":22,"numPendingTestSuites":0,"numTotalTests":1325,"numPassedTests":1311,"numFailedTests":14,"numPendingTests":0,"numTodoTests":0,"snapshot":{"added":0,"failure":false,"filesAdded":0,"filesRemoved":0,"filesRemovedList":[],"filesUnmatched":0,"filesUpdated":0,"matched":0,"total":0,"unchecked":0,"uncheckedKeysByFile":[],"unmatched":0,"updated":0,"didUpdate":false},"startTime":1778259404357,"success":false,"testResults":[{"assertionResults":[{"ancestorTitles":["draft-ai-engine"],"fullName":"draft-ai-engine returns deterministic best pick from board + roster needs","status":"passed","title":"returns deterministic best pick from board + roster needs","duration":250.20759999999973,"failureMessages":[],"meta":{},"tags":[]},{"ancestorTitles":["draft-ai-engine"],"fullName":"draft-ai-engine uses AI explanation when requested and available","status":"passed","title":"uses AI explanation when requested and available","duration":17.760299999999916,"failureMessages":[],"meta":{},"tags":[]},{"ancestorTitles":["draft-ai-engine"],"fullName":"draft-ai-engine falls back to deterministic explanation when AI is unavailable","status":"passed","title":"falls back to deterministic explanation when AI is unavailable","duration":9.266200000000026,"failureMessages":[],"meta":{},"tags":[]}],"startTime":1778259425381,"endTime":1778259425659.266,"status":"passed","message":"","name":"C:/Users/Guap_/allfantasy-v2-main/__tests__/draft-ai-engine.test.ts"},{"assertionResults":[],"startTime":1778259404357,"endTime":1778259404357,"status":"failed","message":"Failed to parse source for import analysis because the content contains invalid JS syntax. If you use tsconfig.json, make sure to not set jsx to preserve.","name":"C:/Users/Guap_/allfantasy-v2-main/__tests__/draft-board-cell-commish-edit.test.tsx"},{"assertionResults":[{"ancestorTitles":["Prompt 17 draft defaults by sport and variant"],"fullName":"Prompt 17 draft defaults by sport and variant defines draft defaults for all supported sports with required fields","status":"passed","title":"defines draft defaults for all supported sports with required fields","duration":41.10289999999986,"failureMessages":[],"meta":{},"tags":[]},{"ancestorTitles":["Prompt 17 draft defaults by sport and variant"],"fullName":"Prompt 17 draft defaults by sport and variant applies variant-aware NFL draft presets for standard/PPR/superflex/IDP","status":"passed","title":"applies variant-aware NFL draft presets for standard/PPR/superflex/IDP","duration":1.632900000000518,"failureMessages":[],"meta":{},"tags":[]},{"ancestorTitles":["Prompt 17 draft defaults by sport and variant"],"fullName":"Prompt 17 draft defaults by sport and variant applies sport-specific expectations for MLB, NHL, NCAA, and Soccer","status":"passed","title":"applies sport-specific expectations for MLB, NHL, NCAA, and Soccer","duration":3.461699999999837,"failureMessages":[],"meta":{},"tags":[]},{"ancestorTitles":["Prompt 17 draft defaults by sport and variant"],"fullName":"Prompt 17 draft defaults by sport and variant exposes draft preset definitions and supported variants by sport","status":"passed","title":"exposes draft preset definitions and supported variants by sport","duration":10.467399999999543,"failureMessages":[],"meta":{},"tags":[]},{"ancestorTitles":["Prompt 17 draft defaults by sport and variant"],"fullName":"Prompt 17 draft defaults by sport and variant resolves draft preset capabilities and ranking context by sport/variant","status":"passed","title":"resolves draft preset capabilities and ranking context by sport/variant","duration":1.7415000000000873,"failureMessages":[],"meta":{},"tags":[]},{"ancestorTitles":["Prompt 17 draft defaults by sport and variant"],"fullName":"Prompt 17 draft defaults by sport and variant resolves draft order behavior including third-round reversal","status":"passed","title":"resolves draft order behavior including third-round reversal","duration":3.6743999999998778,"failureMessages":[],"meta":{},"tags":[]},{"ancestorTitles":["Prompt 17 draft defaults by sport and variant"],"fullName":"Prompt 17 draft defaults by sport and variant fills only missing draft keys during league draft bootstrap","status":"passed","title":"fills only missing draft keys during league draft bootstrap","duration":61.98879999999917,"failureMessages":[],"meta":{},"tags":[]},{"ancestorTitles":["Prompt 17 draft defaults by sport and variant"],"fullName":"Prompt 17 draft defaults by sport and variant keeps bootstrap idempotent when all draft keys already exist","status":"passed","title":"keeps bootstrap idempotent when all draft keys already exist","duration":2.7132999999994354,"failureMessages":[],"meta":{},"tags":[]},{"ancestorTitles":["Prompt 17 draft defaults by sport and variant"],"fullName":"Prompt 17 draft defaults by sport and variant uses per-key fallback in draft room config resolver for partially configured settings","status":"passed","title":"uses per-key fallback in draft room config resolver for partially configured settings","duration":22.418299999999363,"failureMessages":[],"meta":{},"tags":[]},{"ancestorTitles":["Prompt 17 draft defaults by sport and variant"],"fullName":"Prompt 17 draft defaults by sport and variant normalizes devy and c2c draft variants to runtime draft types","status":"passed","title":"normalizes devy and c2c draft variants to runtime draft types","duration":3.729400000000169,"failureMessages":[],"meta":{},"tags":[]}],"startTime":1778259445170,"endTime":1778259445323.7295,"status":"passed","message":"","name":"C:/Users/Guap_/allfantasy-v2-main/__tests__/draft-defaults-by-sport.test.ts"},{"assertionResults":[{"ancestorTitles":["draft intel conversation list behavior"],"fullName":"draft intel conversation list behavior surfaces Chimmy draft intel threads inside the DM list","status":"passed","title":"surfaces Chimmy draft intel threads inside the DM list","duration":6.852399999999761,"failureMessages":[],"meta":{},"tags":[]}],"startTime":1778259480825,"endTime":1778259480831.8523,"status":"passed","message":"","name":"C:/Users/Guap_/allfantasy-v2-main/__tests__/draft-intel-conversation-list.test.ts"},{"assertionResults":[{"ancestorTitles":["draft intel notification settings"],"fullName":"draft intel notification settings includes draft_intel_alerts in resolved preferences by default","status":"passed","title":"includes draft_intel_alerts in resolved preferences by default","duration":20.403400000000147,"failureMessages":[],"meta":{},"tags":[]},{"ancestorTitles":["draft intel notification settings"],"fullName":"draft intel notification settings treats draft_intel_alerts as push eligible","status":"passed","title":"treats draft_intel_alerts as push eligible","duration":1235.6981000000005,"failureMessages":[],"meta":{},"tags":[]}],"startTime":1778259423497,"endTime":1778259424753.698,"status":"passed","message":"","name":"C:/Users/Guap_/allfantasy-v2-main/__tests__/draft-intel-notification-settings.test.ts"},{"assertionResults":[{"ancestorTitles":["draftIntelStateStore"],"fullName":"draftIntelStateStore stores snapshots and emits queue update envelopes","status":"passed","title":"stores snapshots and emits queue update envelopes","duration":3.055100000001403,"failureMessages":[],"meta":{},"tags":[]}],"startTime":1778259484137,"endTime":1778259484140.0552,"status":"passed","message":"","name":"C:/Users/Guap_/allfantasy-v2-main/__tests__/draft-intel-state-store.test.ts"},{"assertionResults":[{"ancestorTitles":["POST /api/draft/lookahead contract"],"fullName":"POST /api/draft/lookahead contract returns 401 when unauthenticated","status":"passed","title":"returns 401 when unauthenticated","duration":82.51160000000164,"failureMessages":[],"meta":{},"tags":[]},{"ancestorTitles":["POST /api/draft/lookahead contract"],"fullName":"POST /api/draft/lookahead contract returns 403 when league access is denied","status":"passed","title":"returns 403 when league access is denied","duration":6.074000000000524,"failureMessages":[],"meta":{},"tags":[]},{"ancestorTitles":["POST /api/draft/lookahead contract"],"fullName":"POST /api/draft/lookahead contract returns state and DM metadata on success","status":"passed","title":"returns state and DM metadata on success","duration":7.388499999999112,"failureMessages":[],"meta":{},"tags":[]}],"startTime":1778259424999,"endTime":1778259425095.3884,"status":"passed","message":"","name":"C:/Users/Guap_/allfantasy-v2-main/__tests__/draft-lookahead-route-contract.test.ts"},{"assertionResults":[{"ancestorTitles":["filterEntriesByDraftEligiblePositions"],"fullName":"filterEntriesByDraftEligiblePositions returns all entries when draftEligiblePositions is missing or empty","status":"passed","title":"returns all entries when draftEligiblePositions is missing or empty","duration":21.85269999999946,"failureMessages":[],"meta":{},"tags":[]},{"ancestorTitles":["filterEntriesByDraftEligiblePositions"],"fullName":"filterEntriesByDraftEligiblePositions keeps order and drops positions not starter-eligible","status":"passed","title":"keeps order and drops positions not starter-eligible","duration":4.079499999999825,"failureMessages":[],"meta":{},"tags":[]},{"ancestorTitles":["filterEntriesByDraftEligiblePositions"],"fullName":"filterEntriesByDraftEligiblePositions normalizes PK→K and DEF/DST like draftPoolRowMatchesEligiblePositions","status":"passed","title":"normalizes PK→K and DEF/DST like draftPoolRowMatchesEligiblePositions","duration":1.1823999999996886,"failureMessages":[],"meta":{},"tags":[]}],"startTime":1778259470411,"endTime":1778259470439.1824,"status":"passed","message":"","name":"C:/Users/Guap_/allfantasy-v2-main/__tests__/draft-pool-eligible-queue-filter.test.ts"},{"assertionResults":[{"ancestorTitles":["DraftQueueLimitResolver"],"fullName":"DraftQueueLimitResolver falls back to the default limit when the input is missing or invalid","status":"passed","title":"falls back to the default limit when the input is missing or invalid","duration":23.335399999999936,"failureMessages":[],"meta":{},"tags":[]},{"ancestorTitles":["DraftQueueLimitResolver"],"fullName":"DraftQueueLimitResolver keeps valid queue limits within bounds","status":"passed","title":"keeps valid queue limits within bounds","duration":12.133499999999913,"failureMessages":[],"meta":{},"tags":[]},{"ancestorTitles":["DraftQueueLimitResolver"],"fullName":"DraftQueueLimitResolver clamps queue limits to the supported range","status":"passed","title":"clamps queue limits to the supported range","duration":9.61200000000008,"failureMessages":[],"meta":{},"tags":[]},{"ancestorTitles":["DraftQueueLimitResolver"],"fullName":"DraftQueueLimitResolver trims the queue to the normalized queue size limit","status":"passed","title":"trims the queue to the normalized queue size limit","duration":18.79580000000078,"failureMessages":[],"meta":{},"tags":[]}],"startTime":1778259463948,"endTime":1778259464020.796,"status":"passed","message":"","name":"C:/Users/Guap_/allfantasy-v2-main/__tests__/draft-queue-limit-resolver.test.ts"},{"assertionResults":[{"ancestorTitles":["POST /api/draft/recommend feature gate contract"],"fullName":"POST /api/draft/recommend feature gate contract returns 401 when unauthenticated","status":"passed","title":"returns 401 when unauthenticated","duration":3111.2712,"failureMessages":[],"meta":{},"tags":[]},{"ancestorTitles":["POST /api/draft/recommend feature gate contract"],"fullName":"POST /api/draft/recommend feature gate contract returns token confirmation response when fallback is required","status":"passed","title":"returns token confirmation response when fallback is required","duration":21.85909999999967,"failureMessages":[],"meta":{},"tags":[]},{"ancestorTitles":["POST /api/draft/recommend feature gate contract"],"fullName":"POST /api/draft/recommend feature gate contract returns recommendation payload when gate allows","status":"passed","title":"returns recommendation payload when gate allows","duration":19.59599999999955,"failureMessages":[],"meta":{},"tags":[]}],"startTime":1778259421378,"endTime":1778259424532.596,"status":"passed","message":"","name":"C:/Users/Guap_/allfantasy-v2-main/__tests__/draft-recommend-feature-gate-route-contract.test.ts"},{"assertionResults":[],"startTime":1778259404357,"endTime":1778259404357,"status":"failed","message":"Failed to parse source for import analysis because the content contains invalid JS syntax. If you use tsconfig.json, make sure to not set jsx to preserve.","name":"C:/Users/Guap_/allfantasy-v2-main/__tests__/draft-room-single-board.DraftBoard.test.tsx"},{"assertionResults":[{"ancestorTitles":["Draft trade AI DM system contract"],"fullName":"Draft trade AI DM system contract sends private AI DM when trade proposal is received","status":"passed","title":"sends private AI DM when trade proposal is received","duration":10656.051,"failureMessages":[],"meta":{},"tags":[]},{"ancestorTitles":["Draft trade AI DM system contract"],"fullName":"Draft trade AI DM system contract returns private AI DM metadata for review responses with counter suggestion","status":"passed","title":"returns private AI DM metadata for review responses with counter suggestion","duration":67.60129999999845,"failureMessages":[],"meta":{},"tags":[]}],"startTime":1778259416118,"endTime":1778259426842.6013,"status":"passed","message":"","name":"C:/Users/Guap_/allfantasy-v2-main/__tests__/draft-trade-ai-dm-system-route-contract.test.ts"},{"assertionResults":[{"ancestorTitles":["startup draft type allowlist"],"fullName":"startup draft type allowlist keeps redraft startup options to snake, linear, and auction","status":"passed","title":"keeps redraft startup options to snake, linear, and auction","duration":6.389400000000023,"failureMessages":[],"meta":{},"tags":[]},{"ancestorTitles":["startup draft type allowlist"],"fullName":"startup draft type allowlist keeps C2C startup options to snake, linear, and auction variants","status":"passed","title":"keeps C2C startup options to snake, linear, and auction variants","duration":0.57549999999992,"failureMessages":[],"meta":{},"tags":[]}],"startTime":1778259457382,"endTime":1778259457388.5754,"status":"passed","message":"","name":"C:/Users/Guap_/allfantasy-v2-main/__tests__/draft-type-startup-allowlist.test.ts"},{"assertionResults":[{"ancestorTitles":["draft type support matrix"],"fullName":"draft type support matrix keeps format-engine lists aligned with registry BY_LEAGUE_FORMAT","status":"passed","title":"keeps format-engine lists aligned with registry BY_LEAGUE_FORMAT","duration":16.84389999999985,"failureMessages":[],"meta":{},"tags":[]},{"ancestorTitles":["draft type support matrix"],"fullName":"draft type support matrix exposes salary cap draft mode (auction) — not snake","status":"passed","title":"exposes salary cap draft mode (auction) — not snake","duration":8.214199999999437,"failureMessages":[],"meta":{},"tags":[]},{"ancestorTitles":["draft type support matrix"],"fullName":"draft type support matrix restricts devy/c2c to specialty ids for supported sports only","status":"passed","title":"restricts devy/c2c to specialty ids for supported sports only","duration":0.7668000000003303,"failureMessages":[],"meta":{},"tags":[]},{"ancestorTitles":["draft type support matrix"],"fullName":"draft type support matrix create-league v2 salary_cap options include auction + auto only","status":"passed","title":"create-league v2 salary_cap options include auction + auto only","duration":5.081299999999828,"failureMessages":[],"meta":{},"tags":[]},{"ancestorTitles":["draft type support matrix"],"fullName":"draft type support matrix create-league v2 Big Brother startup stays constrained to snake only","status":"passed","title":"create-league v2 Big Brother startup stays constrained to snake only","duration":2.6180999999996857,"failureMessages":[],"meta":{},"tags":[]},{"ancestorTitles":["draft type support matrix"],"fullName":"draft type support matrix resolveEffectiveDraftTypeForConcept maps devy/c2c bases to canonical ids","status":"passed","title":"resolveEffectiveDraftTypeForConcept maps devy/c2c bases to canonical ids","duration":2.762499999999818,"failureMessages":[],"meta":{},"tags":[]},{"ancestorTitles":["draft type support matrix"],"fullName":"draft type support matrix mapCanonicalDraftTypeToEngineCore collapses specialty and timing types","status":"passed","title":"mapCanonicalDraftTypeToEngineCore collapses specialty and timing types","duration":1.8590999999996711,"failureMessages":[],"meta":{},"tags":[]},{"ancestorTitles":["draft type support matrix"],"fullName":"draft type support matrix wire allowlist includes execution modes for legacy API parity","status":"passed","title":"wire allowlist includes execution modes for legacy API parity","duration":5.238699999999881,"failureMessages":[],"meta":{},"tags":[]},{"ancestorTitles":["draft type support matrix"],"fullName":"draft type support matrix validateCreatePayload accepts devy canonical ids that match the matrix","status":"passed","title":"validateCreatePayload accepts devy canonical ids that match the matrix","duration":15.072299999999814,"failureMessages":[],"meta":{},"tags":[]},{"ancestorTitles":["draft type support matrix"],"fullName":"draft type support matrix blocks invalid concept + draft pairs consistently","status":"passed","title":"blocks invalid concept + draft pairs consistently","duration":1.367099999999482,"failureMessages":[],"meta":{},"tags":[]},{"ancestorTitles":["draft type support matrix"],"fullName":"draft type support matrix isDraftTypeAllowedForConceptAndSport mirrors getDraftTypesForConceptAndSport","status":"passed","title":"isDraftTypeAllowedForConceptAndSport mirrors getDraftTypesForConceptAndSport","duration":0.6468999999997322,"failureMessages":[],"meta":{},"tags":[]}],"startTime":1778259453885,"endTime":1778259453946.647,"status":"passed","message":"","name":"C:/Users/Guap_/allfantasy-v2-main/__tests__/draft-type-support-matrix.test.ts"},{"assertionResults":[{"ancestorTitles":["DraftEngineRegistry – sport normalization"],"fullName":"DraftEngineRegistry – sport normalization resolves uppercase SOCCER alias to Soccer defaults","status":"passed","title":"resolves uppercase SOCCER alias to Soccer defaults","duration":19.525399999999536,"failureMessages":[],"meta":{},"tags":[]},{"ancestorTitles":["DraftEngineRegistry – sport normalization"],"fullName":"DraftEngineRegistry – sport normalization resolves lowercase soccer alias to Soccer defaults","status":"passed","title":"resolves lowercase soccer alias to Soccer defaults","duration":3.6523999999999432,"failureMessages":[],"meta":{},"tags":[]},{"ancestorTitles":["DraftEngineRegistry – sport normalization"],"fullName":"DraftEngineRegistry – sport normalization resolves canonical Soccer (title-case) to Soccer defaults","status":"passed","title":"resolves canonical Soccer (title-case) to Soccer defaults","duration":0.7732999999998356,"failureMessages":[],"meta":{},"tags":[]},{"ancestorTitles":["DraftEngineRegistry – sport normalization"],"fullName":"DraftEngineRegistry – sport normalization returns null for completely unknown sport","status":"passed","title":"returns null for completely unknown sport","duration":0.515400000000227,"failureMessages":[],"meta":{},"tags":[]},{"ancestorTitles":["DraftEngineRegistry – sport normalization"],"fullName":"DraftEngineRegistry – sport normalization NFL has expected default round count of 18","status":"passed","title":"NFL has expected default round count of 18","duration":1.8109999999996944,"failureMessages":[],"meta":{},"tags":[]},{"ancestorTitles":["DraftEngineRegistry – sport normalization"],"fullName":"DraftEngineRegistry – sport normalization NBA has expected default round count of 15","status":"passed","title":"NBA has expected default round count of 15","duration":0.7507999999997992,"failureMessages":[],"meta":{},"tags":[]},{"ancestorTitles":["DraftEngineRegistry – sport normalization"],"fullName":"DraftEngineRegistry – sport normalization MLB has expected default round count of 25","status":"passed","title":"MLB has expected default round count of 25","duration":1.7961000000004788,"failureMessages":[],"meta":{},"tags":[]},{"ancestorTitles":["DraftEngineRegistry – sport normalization"],"fullName":"DraftEngineRegistry – sport normalization NHL has expected default round count of 20","status":"passed","title":"NHL has expected default round count of 20","duration":0.6612000000004628,"failureMessages":[],"meta":{},"tags":[]},{"ancestorTitles":["DraftEngineRegistry – sport normalization"],"fullName":"DraftEngineRegistry – sport normalization NCAAB has expected default round count of 16","status":"passed","title":"NCAAB has expected default round count of 16","duration":0.4580000000005384,"failureMessages":[],"meta":{},"tags":[]},{"ancestorTitles":["DraftEngineRegistry – sport normalization"],"fullName":"DraftEngineRegistry – sport normalization NCAAF has expected default round count of 20","status":"passed","title":"NCAAF has expected default round count of 20","duration":0.45640000000003056,"failureMessages":[],"meta":{},"tags":[]},{"ancestorTitles":["DraftEngineRegistry – sport normalization"],"fullName":"DraftEngineRegistry – sport normalization Soccer has expected default round count of 18","status":"passed","title":"Soccer has expected default round count of 18","duration":0.28399999999965075,"failureMessages":[],"meta":{},"tags":[]},{"ancestorTitles":["DraftEngineRegistry – draft type normalization"],"fullName":"DraftEngineRegistry – draft type normalization isDraftTypeSupportedBySport(snake, NFL) → true","status":"passed","title":"isDraftTypeSupportedBySport(snake, NFL) → true","duration":0.7381999999997788,"failureMessages":[],"meta":{},"tags":[]},{"ancestorTitles":["DraftEngineRegistry – draft type normalization"],"fullName":"DraftEngineRegistry – draft type normalization isDraftTypeSupportedBySport(linear, NFL) → true","status":"passed","title":"isDraftTypeSupportedBySport(linear, NFL) → true","duration":0.2955999999994674,"failureMessages":[],"meta":{},"tags":[]},{"ancestorTitles":["DraftEngineRegistry – draft type normalization"],"fullName":"DraftEngineRegistry – draft type normalization isDraftTypeSupportedBySport(auction, NFL) → true","status":"passed","title":"isDraftTypeSupportedBySport(auction, NFL) → true","duration":0.25309999999990396,"failureMessages":[],"meta":{},"tags":[]},{"ancestorTitles":["DraftEngineRegistry – draft type normalization"],"fullName":"DraftEngineRegistry – draft type normalization isDraftTypeSupportedBySport(salary-cap, NFL) → true","status":"passed","title":"isDraftTypeSupportedBySport(salary-cap, NFL) → true","duration":0.4742999999998574,"failureMessages":[],"meta":{},"tags":[]},{"ancestorTitles":["DraftEngineRegistry – draft type normalization"],"fullName":"DraftEngineRegistry – draft type normalization isDraftTypeSupportedBySport(salary_cap, NFL) → true","status":"passed","title":"isDraftTypeSupportedBySport(salary_cap, NFL) → true","duration":0.4610000000002401,"failureMessages":[],"meta":{},"tags":[]},{"ancestorTitles":["DraftEngineRegistry – draft type normalization"],"fullName":"DraftEngineRegistry – draft type normalization isDraftTypeSupportedBySport(third-round-reversal, NFL) → true","status":"passed","title":"isDraftTypeSupportedBySport(third-round-reversal, NFL) → true","duration":0.30270000000018626,"failureMessages":[],"meta":{},"tags":[]},{"ancestorTitles":["DraftEngineRegistry – draft type normalization"],"fullName":"DraftEngineRegistry – draft type normalization isDraftTypeSupportedBySport(third_round_reversal, NFL) → true","status":"passed","title":"isDraftTypeSupportedBySport(third_round_reversal, NFL) → true","duration":0.22860000000036962,"failureMessages":[],"meta":{},"tags":[]},{"ancestorTitles":["DraftEngineRegistry – draft type normalization"],"fullName":"DraftEngineRegistry – draft type normalization isDraftTypeSupportedBySport(3rd_reversal, NFL) → true","status":"passed","title":"isDraftTypeSupportedBySport(3rd_reversal, NFL) → true","duration":0.19030000000020664,"failureMessages":[],"meta":{},"tags":[]},{"ancestorTitles":["DraftEngineRegistry – draft type normalization"],"fullName":"DraftEngineRegistry – draft type normalization isDraftTypeSupportedBySport(dynasty-startup, NFL) → true","status":"passed","title":"isDraftTypeSupportedBySport(dynasty-startup, NFL) → true","duration":0.20190000000002328,"failureMessages":[],"meta":{},"tags":[]},{"ancestorTitles":["DraftEngineRegistry – draft type normalization"],"fullName":"DraftEngineRegistry – draft type normalization isDraftTypeSupportedBySport(dynasty_startup, NFL) → true","status":"passed","title":"isDraftTypeSupportedBySport(dynasty_startup, NFL) → true","duration":0.9086999999999534,"failureMessages":[],"meta":{},"tags":[]},{"ancestorTitles":["DraftEngineRegistry – draft type normalization"],"fullName":"DraftEngineRegistry – draft type normalization isDraftTypeSupportedBySport(startup_draft, NFL) → true","status":"passed","title":"isDraftTypeSupportedBySport(startup_draft, NFL) → true","duration":0.4135999999998603,"failureMessages":[],"meta":{},"tags":[]},{"ancestorTitles":["DraftEngineRegistry – draft type normalization"],"fullName":"DraftEngineRegistry – draft type normalization isDraftTypeSupportedBySport(dynasty-rookie, NFL) → true","status":"passed","title":"isDraftTypeSupportedBySport(dynasty-rookie, NFL) → true","duration":0.2782000000006519,"failureMessages":[],"meta":{},"tags":[]},{"ancestorTitles":["DraftEngineRegistry – draft type normalization"],"fullName":"DraftEngineRegistry – draft type normalization isDraftTypeSupportedBySport(dynasty_rookie, NFL) → true","status":"passed","title":"isDraftTypeSupportedBySport(dynasty_rookie, NFL) → true","duration":0.19020000000000437,"failureMessages":[],"meta":{},"tags":[]},{"ancestorTitles":["DraftEngineRegistry – draft type normalization"],"fullName":"DraftEngineRegistry – draft type normalization isDraftTypeSupportedBySport(rookie_draft, NFL) → true","status":"passed","title":"isDraftTypeSupportedBySport(rookie_draft, NFL) → true","duration":0.5083999999997104,"failureMessages":[],"meta":{},"tags":[]},{"ancestorTitles":["DraftEngineRegistry – draft type normalization"],"fullName":"DraftEngineRegistry – draft type normalization isDraftTypeSupportedBySport(big-brother, NFL) → false","status":"passed","title":"isDraftTypeSupportedBySport(big-brother, NFL) → false","duration":0.21960000000035507,"failureMessages":[],"meta":{},"tags":[]},{"ancestorTitles":["DraftEngineRegistry – draft type normalization"],"fullName":"DraftEngineRegistry – draft type normalization isDraftTypeSupportedBySport(big_brother, NFL) → false","status":"passed","title":"isDraftTypeSupportedBySport(big_brother, NFL) → false","duration":0.1790000000000873,"failureMessages":[],"meta":{},"tags":[]},{"ancestorTitles":["DraftEngineRegistry – draft type normalization"],"fullName":"DraftEngineRegistry – draft type normalization returns false for unrecognized draft type id","status":"passed","title":"returns false for unrecognized draft type id","duration":1.9147000000002663,"failureMessages":[],"meta":{},"tags":[]},{"ancestorTitles":["DraftEngineRegistry – draft type normalization"],"fullName":"DraftEngineRegistry – draft type normalization returns false when sport is unknown","status":"passed","title":"returns false when sport is unknown","duration":0.6421999999993204,"failureMessages":[],"meta":{},"tags":[]},{"ancestorTitles":["DraftEngineRegistry – draft type normalization"],"fullName":"DraftEngineRegistry – draft type normalization getSupportedDraftTypes returns empty array for unknown sport","status":"passed","title":"getSupportedDraftTypes returns empty array for unknown sport","duration":4.041000000000167,"failureMessages":[],"meta":{},"tags":[]},{"ancestorTitles":["DraftEngineRegistry – draft type normalization"],"fullName":"DraftEngineRegistry – draft type normalization getSupportedDraftTypes normalizes SOCCER to Soccer list","status":"passed","title":"getSupportedDraftTypes normalizes SOCCER to Soccer list","duration":1.3464999999996508,"failureMessages":[],"meta":{},"tags":[]},{"ancestorTitles":["DraftEngineRegistry – getDefaultDraftTemplate normalization"],"fullName":"DraftEngineRegistry – getDefaultDraftTemplate normalization produces a template for NFL snake using canonical ids","status":"passed","title":"produces a template for NFL snake using canonical ids","duration":4.835099999999329,"failureMessages":[],"meta":{},"tags":[]},{"ancestorTitles":["DraftEngineRegistry – getDefaultDraftTemplate normalization"],"fullName":"DraftEngineRegistry – getDefaultDraftTemplate normalization produces a template for SOCCER / soccer aliases","status":"passed","title":"produces a template for SOCCER / soccer aliases","duration":0.8151000000007116,"failureMessages":[],"meta":{},"tags":[]},{"ancestorTitles":["DraftEngineRegistry – getDefaultDraftTemplate normalization"],"fullName":"DraftEngineRegistry – getDefaultDraftTemplate normalization normalizes underscore draft type aliases","status":"passed","title":"normalizes underscore draft type aliases","duration":3.5799000000006345,"failureMessages":[],"meta":{},"tags":[]},{"ancestorTitles":["DraftEngineRegistry – getDefaultDraftTemplate normalization"],"fullName":"DraftEngineRegistry – getDefaultDraftTemplate normalization returns null for unknown sport","status":"passed","title":"returns null for unknown sport","duration":0.5614000000005035,"failureMessages":[],"meta":{},"tags":[]},{"ancestorTitles":["DraftEngineRegistry – getDefaultDraftTemplate normalization"],"fullName":"DraftEngineRegistry – getDefaultDraftTemplate normalization returns null for unknown draft type","status":"passed","title":"returns null for unknown draft type","duration":3.0814000000000306,"failureMessages":[],"meta":{},"tags":[]},{"ancestorTitles":["DraftEngineRegistry – getDefaultDraftTemplate normalization"],"fullName":"DraftEngineRegistry – getDefaultDraftTemplate normalization returns null for draft type unsupported by sport","status":"passed","title":"returns null for draft type unsupported by sport","duration":1.2138000000004467,"failureMessages":[],"meta":{},"tags":[]},{"ancestorTitles":["DraftEngineRegistry – getDefaultDraftTemplate normalization"],"fullName":"DraftEngineRegistry – getDefaultDraftTemplate normalization sets timer defaults from sport row","status":"passed","title":"sets timer defaults from sport row","duration":0.6671000000005733,"failureMessages":[],"meta":{},"tags":[]},{"ancestorTitles":["DraftEngineRegistry – getDefaultDraftTemplate normalization"],"fullName":"DraftEngineRegistry – getDefaultDraftTemplate normalization builds a correct order with teamCount entries","status":"passed","title":"builds a correct order with teamCount entries","duration":6.9880999999995765,"failureMessages":[],"meta":{},"tags":[]},{"ancestorTitles":["DraftEngineRegistry – getDefaultDraftTemplate normalization"],"fullName":"DraftEngineRegistry – getDefaultDraftTemplate normalization sets mode to live by default for all sports","status":"passed","title":"sets mode to live by default for all sports","duration":2.466699999999946,"failureMessages":[],"meta":{},"tags":[]},{"ancestorTitles":["isDraftModeSupported"],"fullName":"isDraftModeSupported accepts live","status":"passed","title":"accepts live","duration":1.220100000000457,"failureMessages":[],"meta":{},"tags":[]},{"ancestorTitles":["isDraftModeSupported"],"fullName":"isDraftModeSupported accepts slow","status":"passed","title":"accepts slow","duration":2.6221999999997934,"failureMessages":[],"meta":{},"tags":[]},{"ancestorTitles":["isDraftModeSupported"],"fullName":"isDraftModeSupported accepts email","status":"passed","title":"accepts email","duration":1.0363999999999578,"failureMessages":[],"meta":{},"tags":[]},{"ancestorTitles":["isDraftModeSupported"],"fullName":"isDraftModeSupported accepts offline","status":"passed","title":"accepts offline","duration":1.766299999999319,"failureMessages":[],"meta":{},"tags":[]},{"ancestorTitles":["isDraftModeSupported"],"fullName":"isDraftModeSupported accepts auto","status":"passed","title":"accepts auto","duration":0.8506999999999607,"failureMessages":[],"meta":{},"tags":[]},{"ancestorTitles":["isDraftModeSupported"],"fullName":"isDraftModeSupported rejects unknown modes","status":"passed","title":"rejects unknown modes","duration":2.419600000000173,"failureMessages":[],"meta":{},"tags":[]},{"ancestorTitles":["isWeightedLotteryOrderType"],"fullName":"isWeightedLotteryOrderType returns true only for weighted-lottery","status":"passed","title":"returns true only for weighted-lottery","duration":0.473800000000665,"failureMessages":[],"meta":{},"tags":[]},{"ancestorTitles":["isWeightedLotteryOrderType"],"fullName":"isWeightedLotteryOrderType rejects randomized","status":"passed","title":"rejects randomized","duration":0.40010000000074797,"failureMessages":[],"meta":{},"tags":[]},{"ancestorTitles":["isWeightedLotteryOrderType"],"fullName":"isWeightedLotteryOrderType rejects manual","status":"passed","title":"rejects manual","duration":0.23980000000028667,"failureMessages":[],"meta":{},"tags":[]},{"ancestorTitles":["isWeightedLotteryOrderType"],"fullName":"isWeightedLotteryOrderType rejects previous-season","status":"passed","title":"rejects previous-season","duration":0.1926999999996042,"failureMessages":[],"meta":{},"tags":[]},{"ancestorTitles":["isWeightedLotteryOrderType"],"fullName":"isWeightedLotteryOrderType rejects ai-generated","status":"passed","title":"rejects ai-generated","duration":0.17560000000048603,"failureMessages":[],"meta":{},"tags":[]},{"ancestorTitles":["isWeightedLotteryOrderType"],"fullName":"isWeightedLotteryOrderType rejects ","status":"passed","title":"rejects ","duration":0.2217000000000553,"failureMessages":[],"meta":{},"tags":[]}],"startTime":1778259434472,"endTime":1778259434559.2217,"status":"passed","message":"","name":"C:/Users/Guap_/allfantasy-v2-main/__tests__/DraftEngineRegistry-normalization.test.ts"},{"assertionResults":[{"ancestorTitles":["draftPickEmpty"],"fullName":"draftPickEmpty detects commissioner-cleared rows","status":"passed","title":"detects commissioner-cleared rows","duration":4.15520000000015,"failureMessages":[],"meta":{},"tags":[]},{"ancestorTitles":["draftPickEmpty"],"fullName":"draftPickEmpty isDraftPickRowEmptyFromSnapshot treats pickEditorEmpty flag as empty","status":"passed","title":"isDraftPickRowEmptyFromSnapshot treats pickEditorEmpty flag as empty","duration":0.7238999999999578,"failureMessages":[],"meta":{},"tags":[]},{"ancestorTitles":["draftPickEmpty"],"fullName":"draftPickEmpty resolveNextOpenPickOverall finds first hole or empty","status":"passed","title":"resolveNextOpenPickOverall finds first hole or empty","duration":0.7981999999999516,"failureMessages":[],"meta":{},"tags":[]},{"ancestorTitles":["draftPickEmpty"],"fullName":"draftPickEmpty isDraftBoardFull when every slot filled","status":"passed","title":"isDraftBoardFull when every slot filled","duration":0.4718000000000302,"failureMessages":[],"meta":{},"tags":[]},{"ancestorTitles":["draftPickEmpty"],"fullName":"draftPickEmpty resolveCurrentOnTheClock targets first cleared middle (submitPick contract)","status":"passed","title":"resolveCurrentOnTheClock targets first cleared middle (submitPick contract)","duration":1.646600000000035,"failureMessages":[],"meta":{},"tags":[]}],"startTime":1778259477095,"endTime":1778259477103.6465,"status":"passed","message":"","name":"C:/Users/Guap_/allfantasy-v2-main/__tests__/draftPickEmpty.test.ts"},{"assertionResults":[{"ancestorTitles":["resolvePlayerPoolAdpColumns — separation"],"fullName":"resolvePlayerPoolAdpColumns — separation keeps system ADP and AI ADP distinct","status":"passed","title":"keeps system ADP and AI ADP distinct","duration":13.586600000000544,"failureMessages":[],"meta":{},"tags":[]},{"ancestorTitles":["resolvePlayerPoolAdpColumns — separation"],"fullName":"resolvePlayerPoolAdpColumns — separation does not mix values when one side missing","status":"passed","title":"does not mix values when one side missing","duration":5.00839999999971,"failureMessages":[],"meta":{},"tags":[]},{"ancestorTitles":["formatAiAdpUnavailableBanner"],"fullName":"formatAiAdpUnavailableBanner maps alarming server copy to friendly aggregate message","status":"passed","title":"maps alarming server copy to friendly aggregate message","duration":2.587000000000444,"failureMessages":[],"meta":{},"tags":[]},{"ancestorTitles":["formatAiAdpUnavailableBanner"],"fullName":"formatAiAdpUnavailableBanner passes through specific non-generic messages","status":"passed","title":"passes through specific non-generic messages","duration":2.645400000000336,"failureMessages":[],"meta":{},"tags":[]}],"startTime":1778259450971,"endTime":1778259451000.6455,"status":"passed","message":"","name":"C:/Users/Guap_/allfantasy-v2-main/__tests__/draft-room/adp-readiness-copy.test.ts"},{"assertionResults":[{"ancestorTitles":["collegeClass helpers"],"fullName":"collegeClass helpers normalizes Fr / RS-Fr / Freshman","status":"passed","title":"normalizes Fr / RS-Fr / Freshman","duration":8.392100000000937,"failureMessages":[],"meta":{},"tags":[]},{"ancestorTitles":["collegeClass helpers"],"fullName":"collegeClass helpers normalizes So / Jr / Sr / Gr","status":"passed","title":"normalizes So / Jr / Sr / Gr","duration":2.2666000000008353,"failureMessages":[],"meta":{},"tags":[]},{"ancestorTitles":["collegeClass helpers"],"fullName":"collegeClass helpers isFreshmanClass / underclass / draft eligible","status":"passed","title":"isFreshmanClass / underclass / draft eligible","duration":2.436700000000201,"failureMessages":[],"meta":{},"tags":[]},{"ancestorTitles":["collegeClass helpers"],"fullName":"collegeClass helpers getCollegeClassBucket mirrors normalizeCollegeClass","status":"passed","title":"getCollegeClassBucket mirrors normalizeCollegeClass","duration":3.6216000000003987,"failureMessages":[],"meta":{},"tags":[]},{"ancestorTitles":["NCAAF pool — freshmen vs NFL Sleeper"],"fullName":"NCAAF pool — freshmen vs NFL Sleeper isDraftRoomRookie true for RI class Fr (not years_exp)","status":"passed","title":"isDraftRoomRookie true for RI class Fr (not years_exp)","duration":1.8293000000012398,"failureMessages":[],"meta":{},"tags":[]},{"ancestorTitles":["NCAAF pool — freshmen vs NFL Sleeper"],"fullName":"NCAAF pool — freshmen vs NFL Sleeper does not treat Sleeper years_exp as freshman signal for NCAAF","status":"passed","title":"does not treat Sleeper years_exp as freshman signal for NCAAF","duration":2.6204999999990832,"failureMessages":[],"meta":{},"tags":[]},{"ancestorTitles":["NFL rookie policy"],"fullName":"NFL rookie policy uses imported flags when present","status":"passed","title":"uses imported flags when present","duration":1.1389999999992142,"failureMessages":[],"meta":{},"tags":[]},{"ancestorTitles":["NFL rookie policy"],"fullName":"NFL rookie policy uses Sleeper years_exp === 0","status":"passed","title":"uses Sleeper years_exp === 0","duration":1.6396000000004278,"failureMessages":[],"meta":{},"tags":[]},{"ancestorTitles":["NFL rookie policy"],"fullName":"NFL rookie policy unknown when no signals","status":"passed","title":"unknown when no signals","duration":1.4121000000013737,"failureMessages":[],"meta":{},"tags":[]}],"startTime":1778259468750,"endTime":1778259468777.412,"status":"passed","message":"","name":"C:/Users/Guap_/allfantasy-v2-main/__tests__/draft-room/college-class-filter.test.ts"},{"assertionResults":[{"ancestorTitles":["draft board layout — snake/linear single header row"],"fullName":"draft board layout — snake/linear single header row DraftRoomPageClient: DraftTeamStrip only for auction (avoids duplicate manager strip)","status":"passed","title":"DraftRoomPageClient: DraftTeamStrip only for auction (avoids duplicate manager strip)","duration":6.733299999999872,"failureMessages":[],"meta":{},"tags":[]},{"ancestorTitles":["draft board layout — snake/linear single header row"],"fullName":"draft board layout — snake/linear single header row DraftBoard retains sticky team header for column alignment","status":"passed","title":"DraftBoard retains sticky team header for column alignment","duration":1.2529999999997017,"failureMessages":[],"meta":{},"tags":[]}],"startTime":1778259475908,"endTime":1778259475916.253,"status":"passed","message":"","name":"C:/Users/Guap_/allfantasy-v2-main/__tests__/draft-room/draft-board-layout.test.ts"},{"assertionResults":[{"ancestorTitles":["draft board unified display merge"],"fullName":"draft board unified display merge does not mutate playerId / names on pick snapshot merge","status":"passed","title":"does not mutate playerId / names on pick snapshot merge","duration":13.140400000000227,"failureMessages":[],"meta":{},"tags":[]},{"ancestorTitles":["draft board unified display merge"],"fullName":"draft board unified display merge no pool row leaves pick unchanged","status":"passed","title":"no pool row leaves pick unchanged","duration":3.8400000000001455,"failureMessages":[],"meta":{},"tags":[]}],"startTime":1778259466433,"endTime":1778259466451.84,"status":"passed","message":"","name":"C:/Users/Guap_/allfantasy-v2-main/__tests__/draft-room/draft-board-unified-display.test.ts"},{"assertionResults":[{"ancestorTitles":["getDraftPickActionState"],"fullName":"getDraftPickActionState viewer roster on clock + active draft core → can pick (snake raw true)","status":"passed","title":"viewer roster on clock + active draft core → can pick (snake raw true)","duration":6.562699999999495,"failureMessages":[],"meta":{},"tags":[]},{"ancestorTitles":["getDraftPickActionState"],"fullName":"getDraftPickActionState viewer not on clock → not_your_pick","status":"passed","title":"viewer not on clock → not_your_pick","duration":1.416599999999562,"failureMessages":[],"meta":{},"tags":[]},{"ancestorTitles":["getDraftPickActionState"],"fullName":"getDraftPickActionState paused session → draft_paused","status":"passed","title":"paused session → draft_paused","duration":1.2575000000006185,"failureMessages":[],"meta":{},"tags":[]},{"ancestorTitles":["getDraftPickActionState"],"fullName":"getDraftPickActionState pick submitting → pick_in_flight","status":"passed","title":"pick submitting → pick_in_flight","duration":0.9825999999993655,"failureMessages":[],"meta":{},"tags":[]},{"ancestorTitles":["getDraftPickActionState"],"fullName":"getDraftPickActionState top bar clock roster id matches viewer roster id when trimmed","status":"passed","title":"top bar clock roster id matches viewer roster id when trimmed","duration":0.8481999999994514,"failureMessages":[],"meta":{},"tags":[]},{"ancestorTitles":["getDraftPickActionState"],"fullName":"getDraftPickActionState commissioner offline mode allows snake raw without being on clock","status":"passed","title":"commissioner offline mode allows snake raw without being on clock","duration":0.6176999999997861,"failureMessages":[],"meta":{},"tags":[]}],"startTime":1778259459564,"endTime":1778259459576.6177,"status":"passed","message":"","name":"C:/Users/Guap_/allfantasy-v2-main/__tests__/draft-room/draft-pick-action-visibility.test.ts"},{"assertionResults":[{"ancestorTitles":["queue display vs order"],"fullName":"queue display vs order queue entry array is unchanged by display-only meta maps","status":"passed","title":"queue entry array is unchanged by display-only meta maps","duration":4.245100000000093,"failureMessages":[],"meta":{},"tags":[]}],"startTime":1778259473608,"endTime":1778259473612.245,"status":"passed","message":"","name":"C:/Users/Guap_/allfantasy-v2-main/__tests__/draft-room/draft-queue-unified-display.test.ts"},{"assertionResults":[{"ancestorTitles":["draft queue UX (redraft snake)"],"fullName":"draft queue UX (redraft snake) Draft Intelligence accordion defaults collapsed","status":"passed","title":"Draft Intelligence accordion defaults collapsed","duration":8.174300000000585,"failureMessages":[],"meta":{},"tags":[]},{"ancestorTitles":["draft queue UX (redraft snake)"],"fullName":"draft queue UX (redraft snake) QueuePanel wraps AI / autopick controls in a disclosure for redraft_snake","status":"passed","title":"QueuePanel wraps AI / autopick controls in a disclosure for redraft_snake","duration":3.4425000000010186,"failureMessages":[],"meta":{},"tags":[]},{"ancestorTitles":["draft queue UX (redraft snake)"],"fullName":"draft queue UX (redraft snake) WarRoomPopup supports bottom-left trigger for premium layout","status":"passed","title":"WarRoomPopup supports bottom-left trigger for premium layout","duration":2.619700000001103,"failureMessages":[],"meta":{},"tags":[]},{"ancestorTitles":["draft queue UX (redraft snake)"],"fullName":"draft queue UX (redraft snake) Draft helper bubble can anchor bottom-left for redraft snake","status":"passed","title":"Draft helper bubble can anchor bottom-left for redraft snake","duration":1.365799999999581,"failureMessages":[],"meta":{},"tags":[]}],"startTime":1778259467929,"endTime":1778259467945.3657,"status":"passed","message":"","name":"C:/Users/Guap_/allfantasy-v2-main/__tests__/draft-room/draft-queue-ux.test.ts"},{"assertionResults":[{"ancestorTitles":["DraftRoom provider data integration"],"fullName":"DraftRoom provider data integration exposes unified meta alongside NormalizedDraftEntry for draft surface","status":"passed","title":"exposes unified meta alongside NormalizedDraftEntry for draft surface","duration":39.58860000000095,"failureMessages":[],"meta":{},"tags":[]}],"startTime":1778259457096,"endTime":1778259457135.5886,"status":"passed","message":"","name":"C:/Users/Guap_/allfantasy-v2-main/__tests__/draft-room/draft-room-provider-data-integration.test.ts"},{"assertionResults":[{"ancestorTitles":["buildRookieSignalDiagnostics"],"fullName":"buildRookieSignalDiagnostics reports zero rookie signals when rows lack fields","status":"passed","title":"reports zero rookie signals when rows lack fields","duration":25.764999999999418,"failureMessages":[],"meta":{},"tags":[]},{"ancestorTitles":["buildRookieSignalDiagnostics"],"fullName":"buildRookieSignalDiagnostics counts draftYear signals","status":"passed","title":"counts draftYear signals","duration":0.9446000000007189,"failureMessages":[],"meta":{},"tags":[]},{"ancestorTitles":["buildRookieSignalDiagnostics"],"fullName":"buildRookieSignalDiagnostics counts experience zero signals","status":"passed","title":"counts experience zero signals","duration":0.5956999999998516,"failureMessages":[],"meta":{},"tags":[]},{"ancestorTitles":["coalesceYearsExpFromNormalizedEntry"],"fullName":"coalesceYearsExpFromNormalizedEntry reads years_exp from display.metadata when top-level missing","status":"passed","title":"reads years_exp from display.metadata when top-level missing","duration":2.3636999999998807,"failureMessages":[],"meta":{},"tags":[]},{"ancestorTitles":["rookie helper + nflDraftYear"],"fullName":"rookie helper + nflDraftYear returns true when metadata.nflDraftYear equals season (NFL)","status":"passed","title":"returns true when metadata.nflDraftYear equals season (NFL)","duration":16.26169999999911,"failureMessages":[],"meta":{},"tags":[]}],"startTime":1778259456947,"endTime":1778259456998.2617,"status":"passed","message":"","name":"C:/Users/Guap_/allfantasy-v2-main/__tests__/draft-room/draft-room-rookie-diagnostics.test.ts"},{"assertionResults":[{"ancestorTitles":["isDraftRoomRookie — NFL"],"fullName":"isDraftRoomRookie — NFL detects explicit isRookie true","status":"passed","title":"detects explicit isRookie true","duration":16.857199999999466,"failureMessages":[],"meta":{},"tags":[]},{"ancestorTitles":["isDraftRoomRookie — NFL"],"fullName":"isDraftRoomRookie — NFL detects metadata.isRookie true","status":"passed","title":"detects metadata.isRookie true","duration":0.9636000000000422,"failureMessages":[],"meta":{},"tags":[]},{"ancestorTitles":["isDraftRoomRookie — NFL"],"fullName":"isDraftRoomRookie — NFL detects yearsExperience 0 via yearsExp","status":"passed","title":"detects yearsExperience 0 via yearsExp","duration":5.4934000000002925,"failureMessages":[],"meta":{},"tags":[]},{"ancestorTitles":["isDraftRoomRookie — NFL"],"fullName":"isDraftRoomRookie — NFL detects experience 0 via loose metadata","status":"passed","title":"detects experience 0 via loose metadata","duration":2.8667999999997846,"failureMessages":[],"meta":{},"tags":[]},{"ancestorTitles":["isDraftRoomRookie — NFL"],"fullName":"isDraftRoomRookie — NFL detects draftYear matching season","status":"passed","title":"detects draftYear matching season","duration":3.5657000000001062,"failureMessages":[],"meta":{},"tags":[]},{"ancestorTitles":["isDraftRoomRookie — NFL"],"fullName":"isDraftRoomRookie — NFL Sleeper-style yearsExp > 0 excludes rookie even when draftYear matches season","status":"passed","title":"Sleeper-style yearsExp > 0 excludes rookie even when draftYear matches season","duration":0.7223999999996522,"failureMessages":[],"meta":{},"tags":[]},{"ancestorTitles":["isDraftRoomRookie — NFL"],"fullName":"isDraftRoomRookie — NFL detects metadata nflDraftYear matching season","status":"passed","title":"detects metadata nflDraftYear matching season","duration":0.6458999999995285,"failureMessages":[],"meta":{},"tags":[]},{"ancestorTitles":["getDraftRoomRookieDataState — messaging reasons"],"fullName":"getDraftRoomRookieDataState — messaging reasons returns rookies_found when inferable rookies exist","status":"passed","title":"returns rookies_found when inferable rookies exist","duration":9.603399999999965,"failureMessages":[],"meta":{},"tags":[]},{"ancestorTitles":["getDraftRoomRookieDataState — messaging reasons"],"fullName":"getDraftRoomRookieDataState — messaging reasons returns no_rookie_metadata when pool lacks rookie signals","status":"passed","title":"returns no_rookie_metadata when pool lacks rookie signals","duration":1.908200000000761,"failureMessages":[],"meta":{},"tags":[]},{"ancestorTitles":["getDraftRoomRookieDataState — messaging reasons"],"fullName":"getDraftRoomRookieDataState — messaging reasons returns empty_pool for empty input","status":"passed","title":"returns empty_pool for empty input","duration":3.1755999999995765,"failureMessages":[],"meta":{},"tags":[]}],"startTime":1778259447148,"endTime":1778259447199.1755,"status":"passed","message":"","name":"C:/Users/Guap_/allfantasy-v2-main/__tests__/draft-room/draft-room-rookie-filter.test.ts"},{"assertionResults":[{"ancestorTitles":["computeDraftCountdownSeconds / getDraftCountdownDisplay"],"fullName":"computeDraftCountdownSeconds / getDraftCountdownDisplay running + timerEndAt: counts down from anchor","status":"passed","title":"running + timerEndAt: counts down from anchor","duration":6.433499999999185,"failureMessages":[],"meta":{},"tags":[]},{"ancestorTitles":["computeDraftCountdownSeconds / getDraftCountdownDisplay"],"fullName":"computeDraftCountdownSeconds / getDraftCountdownDisplay expired: returns 0","status":"passed","title":"expired: returns 0","duration":0.8640999999988708,"failureMessages":[],"meta":{},"tags":[]},{"ancestorTitles":["computeDraftCountdownSeconds / getDraftCountdownDisplay"],"fullName":"computeDraftCountdownSeconds / getDraftCountdownDisplay paused: uses server remaining seconds","status":"passed","title":"paused: uses server remaining seconds","duration":1.1361000000015338,"failureMessages":[],"meta":{},"tags":[]},{"ancestorTitles":["computeDraftCountdownSeconds / getDraftCountdownDisplay"],"fullName":"computeDraftCountdownSeconds / getDraftCountdownDisplay running soft deadline without ISO: uses softDeadlineMs","status":"passed","title":"running soft deadline without ISO: uses softDeadlineMs","duration":0.8497999999999593,"failureMessages":[],"meta":{},"tags":[]},{"ancestorTitles":["computeDraftCountdownSeconds / getDraftCountdownDisplay"],"fullName":"computeDraftCountdownSeconds / getDraftCountdownDisplay getDraftCountdownDisplay: completed phase","status":"passed","title":"getDraftCountdownDisplay: completed phase","duration":1.433499999999185,"failureMessages":[],"meta":{},"tags":[]},{"ancestorTitles":["computeDraftCountdownSeconds / getDraftCountdownDisplay"],"fullName":"computeDraftCountdownSeconds / getDraftCountdownDisplay getDraftCountdownDisplay: missing anchor warning when in_progress + open board + timer none","status":"passed","title":"getDraftCountdownDisplay: missing anchor warning when in_progress + open board + timer none","duration":0.5561999999990803,"failureMessages":[],"meta":{},"tags":[]},{"ancestorTitles":["resolvePlayerPoolAdpColumns"],"fullName":"resolvePlayerPoolAdpColumns keeps system ADP and AI ADP separate","status":"passed","title":"keeps system ADP and AI ADP separate","duration":1.4179999999996653,"failureMessages":[],"meta":{},"tags":[]},{"ancestorTitles":["DraftPlayerSearchResolver + draftPoolNumericFilters"],"fullName":"DraftPlayerSearchResolver + draftPoolNumericFilters filters by name / position / team via resolver","status":"passed","title":"filters by name / position / team via resolver","duration":5.62119999999959,"failureMessages":[],"meta":{},"tags":[]},{"ancestorTitles":["DraftPlayerSearchResolver + draftPoolNumericFilters"],"fullName":"DraftPlayerSearchResolver + draftPoolNumericFilters numeric filters: projected points, age, bye, IDP stat","status":"passed","title":"numeric filters: projected points, age, bye, IDP stat","duration":7.712700000000041,"failureMessages":[],"meta":{},"tags":[]},{"ancestorTitles":["planDraftQueueAiReorder"],"fullName":"planDraftQueueAiReorder persist mode keeps locked row and writes AI metadata on unlocked rows","status":"passed","title":"persist mode keeps locked row and writes AI metadata on unlocked rows","duration":5.682600000000093,"failureMessages":[],"meta":{},"tags":[]},{"ancestorTitles":["planDraftQueueAiReorder"],"fullName":"planDraftQueueAiReorder non–AF Pro: suggestion only, manual order displayed","status":"passed","title":"non–AF Pro: suggestion only, manual order displayed","duration":5.132499999999709,"failureMessages":[],"meta":{},"tags":[]},{"ancestorTitles":["isSnakeMakePickButtonEnabled"],"fullName":"isSnakeMakePickButtonEnabled enabled only when on clock and not submitting","status":"passed","title":"enabled only when on clock and not submitting","duration":0.7849000000005617,"failureMessages":[],"meta":{},"tags":[]},{"ancestorTitles":["mergeDraftSessionSnapshot — live-sync pick append"],"fullName":"mergeDraftSessionSnapshot — live-sync pick append incoming snapshot with new pick replaces session picks","status":"passed","title":"incoming snapshot with new pick replaces session picks","duration":3.0693999999984953,"failureMessages":[],"meta":{},"tags":[]},{"ancestorTitles":["production DraftRoomPageClient — mock / legacy imports guard"],"fullName":"production DraftRoomPageClient — mock / legacy imports guard does not import mock-draft DraftRoom or mock draft API routes","status":"passed","title":"does not import mock-draft DraftRoom or mock draft API routes","duration":12.399900000000343,"failureMessages":[],"meta":{},"tags":[]}],"startTime":1778259434782,"endTime":1778259434839.4,"status":"passed","message":"","name":"C:/Users/Guap_/allfantasy-v2-main/__tests__/draft-room/draft-room-ui-state.test.ts"},{"assertionResults":[{"ancestorTitles":["floating dock visibility (Chimmy FAB vs draft surfaces)"],"fullName":"floating dock visibility (Chimmy FAB vs draft surfaces) hides on /draft/* paths","status":"passed","title":"hides on /draft/* paths","duration":11.5,"failureMessages":[],"meta":{},"tags":[]},{"ancestorTitles":["floating dock visibility (Chimmy FAB vs draft surfaces)"],"fullName":"floating dock visibility (Chimmy FAB vs draft surfaces) hides on league draft resolver route","status":"passed","title":"hides on league draft resolver route","duration":1.835800000000745,"failureMessages":[],"meta":{},"tags":[]},{"ancestorTitles":["floating dock visibility (Chimmy FAB vs draft surfaces)"],"fullName":"floating dock visibility (Chimmy FAB vs draft surfaces) does not hide on dashboard","status":"passed","title":"does not hide on dashboard","duration":0.9066000000002532,"failureMessages":[],"meta":{},"tags":[]},{"ancestorTitles":["floating dock visibility (Chimmy FAB vs draft surfaces)"],"fullName":"floating dock visibility (Chimmy FAB vs draft surfaces) does not hide on generic league hub","status":"passed","title":"does not hide on generic league hub","duration":0.48879999999917345,"failureMessages":[],"meta":{},"tags":[]}],"startTime":1778259458152,"endTime":1778259458167.4888,"status":"passed","message":"","name":"C:/Users/Guap_/allfantasy-v2-main/__tests__/draft-room/floating-dock-visibility.test.ts"},{"assertionResults":[{"ancestorTitles":["NCAAFB stat columns (NCAAF LeagueSport)"],"fullName":"NCAAFB stat columns (NCAAF LeagueSport) offense skill uses pass/rec/rush RI aliases","status":"passed","title":"offense skill uses pass/rec/rush RI aliases","duration":12.208599999999933,"failureMessages":[],"meta":{},"tags":[]},{"ancestorTitles":["NCAAFB stat columns (NCAAF LeagueSport)"],"fullName":"NCAAFB stat columns (NCAAF LeagueSport) IDP uses fumbles_recoveries alias","status":"passed","title":"IDP uses fumbles_recoveries alias","duration":1.0002000000004045,"failureMessages":[],"meta":{},"tags":[]},{"ancestorTitles":["NCAAFB stat columns (NCAAF LeagueSport)"],"fullName":"NCAAFB stat columns (NCAAF LeagueSport) punter reads punting_yards","status":"passed","title":"punter reads punting_yards","duration":0.805000000000291,"failureMessages":[],"meta":{},"tags":[]}],"startTime":1778259468830,"endTime":1778259468843.805,"status":"passed","message":"","name":"C:/Users/Guap_/allfantasy-v2-main/__tests__/draft-room/ncaafb-stat-columns.test.ts"},{"assertionResults":[{"ancestorTitles":["poolPlayerMatchesPositionPill"],"fullName":"poolPlayerMatchesPositionPill counts QB/RB/WR/TE exactly","status":"passed","title":"counts QB/RB/WR/TE exactly","duration":3.1238000000003012,"failureMessages":[],"meta":{},"tags":[]},{"ancestorTitles":["poolPlayerMatchesPositionPill"],"fullName":"poolPlayerMatchesPositionPill aliases PK to K","status":"passed","title":"aliases PK to K","duration":0.38690000000042346,"failureMessages":[],"meta":{},"tags":[]},{"ancestorTitles":["poolPlayerMatchesPositionPill"],"fullName":"poolPlayerMatchesPositionPill aliases DEF/DST/D/ST for DST pill","status":"passed","title":"aliases DEF/DST/D/ST for DST pill","duration":0.3495999999995547,"failureMessages":[],"meta":{},"tags":[]},{"ancestorTitles":["poolPlayerMatchesPositionPill"],"fullName":"poolPlayerMatchesPositionPill FLEX includes RB/WR/TE","status":"passed","title":"FLEX includes RB/WR/TE","duration":1.0475999999998749,"failureMessages":[],"meta":{},"tags":[]},{"ancestorTitles":["poolPlayerMatchesPositionPill"],"fullName":"poolPlayerMatchesPositionPill groups IDP positions under IDP FLEX when format is IDP","status":"passed","title":"groups IDP positions under IDP FLEX when format is IDP","duration":0.8827999999994063,"failureMessages":[],"meta":{},"tags":[]},{"ancestorTitles":["getDraftRoomPositionGroupCounts"],"fullName":"getDraftRoomPositionGroupCounts aggregates offense buckets","status":"passed","title":"aggregates offense buckets","duration":1.66399999999976,"failureMessages":[],"meta":{},"tags":[]}],"startTime":1778259481054,"endTime":1778259481062.664,"status":"passed","message":"","name":"C:/Users/Guap_/allfantasy-v2-main/__tests__/draft-room/player-pool-position-counts.test.ts"},{"assertionResults":[{"ancestorTitles":["Draft-relevant fallback ordering"],"fullName":"Draft-relevant fallback ordering uses RI-first images then TheSportsDB then Sleeper","status":"passed","title":"uses RI-first images then TheSportsDB then Sleeper","duration":23.838200000000143,"failureMessages":[],"meta":{},"tags":[]},{"ancestorTitles":["Draft-relevant fallback ordering"],"fullName":"Draft-relevant fallback ordering uses RI-first stats with ClearSports before TheSportsDB for NFL","status":"passed","title":"uses RI-first stats with ClearSports before TheSportsDB for NFL","duration":1.6575999999995474,"failureMessages":[],"meta":{},"tags":[]}],"startTime":1778259467054,"endTime":1778259467079.6577,"status":"passed","message":"","name":"C:/Users/Guap_/allfantasy-v2-main/__tests__/draft-room/provider-fallback-integration.test.ts"},{"assertionResults":[{"ancestorTitles":["Rookie source + provider alignment"],"fullName":"Rookie source + provider alignment explicit imported isRookie true wins","status":"passed","title":"explicit imported isRookie true wins","duration":16.699899999999616,"failureMessages":[],"meta":{},"tags":[]},{"ancestorTitles":["Rookie source + provider alignment"],"fullName":"Rookie source + provider alignment explicit imported yearsExperience path (yearsExp 0) wins","status":"passed","title":"explicit imported yearsExperience path (yearsExp 0) wins","duration":2.019800000000032,"failureMessages":[],"meta":{},"tags":[]},{"ancestorTitles":["Rookie source + provider alignment"],"fullName":"Rookie source + provider alignment when imported RI-like fields missing, Sleeper years_exp 0 marks rookie","status":"passed","title":"when imported RI-like fields missing, Sleeper years_exp 0 marks rookie","duration":0.9745999999995547,"failureMessages":[],"meta":{},"tags":[]},{"ancestorTitles":["Rookie source + provider alignment"],"fullName":"Rookie source + provider alignment Sleeper years_exp > 0 is not rookie","status":"passed","title":"Sleeper years_exp > 0 is not rookie","duration":1.8405999999995402,"failureMessages":[],"meta":{},"tags":[]},{"ancestorTitles":["Rookie source + provider alignment"],"fullName":"Rookie source + provider alignment no imported fields and no yearsExp → not treated as rookie (unknown)","status":"passed","title":"no imported fields and no yearsExp → not treated as rookie (unknown)","duration":3.8233000000000175,"failureMessages":[],"meta":{},"tags":[]},{"ancestorTitles":["Rookie source + provider alignment"],"fullName":"Rookie source + provider alignment diagnostics sample exposes rookieSource","status":"passed","title":"diagnostics sample exposes rookieSource","duration":6.580300000000534,"failureMessages":[],"meta":{},"tags":[]},{"ancestorTitles":["Rookie source + provider alignment"],"fullName":"Rookie source + provider alignment getProviderForField NFL rookie_years_exp is Sleeper","status":"passed","title":"getProviderForField NFL rookie_years_exp is Sleeper","duration":2.6473000000005413,"failureMessages":[],"meta":{},"tags":[]},{"ancestorTitles":["Rookie source + provider alignment"],"fullName":"Rookie source + provider alignment maps sleeper_db_cache provenance to sleeper_cache diagnostic","status":"passed","title":"maps sleeper_db_cache provenance to sleeper_cache diagnostic","duration":0.7501000000002023,"failureMessages":[],"meta":{},"tags":[]}],"startTime":1778259460196,"endTime":1778259460232.75,"status":"passed","message":"","name":"C:/Users/Guap_/allfantasy-v2-main/__tests__/draft-room/rookie-provider-priority.test.ts"},{"assertionResults":[{"ancestorTitles":["sleeper pool table layout — headers by sport"],"fullName":"sleeper pool table layout — headers by sport NFL keeps legacy Sleeper offense stat keys (PTS through PA INT)","status":"passed","title":"NFL keeps legacy Sleeper offense stat keys (PTS through PA INT)","duration":6.415300000000116,"failureMessages":[],"meta":{},"tags":[]},{"ancestorTitles":["sleeper pool table layout — headers by sport"],"fullName":"sleeper pool table layout — headers by sport NFL + LB filter switches to IDP defensive stat headers","status":"passed","title":"NFL + LB filter switches to IDP defensive stat headers","duration":2.5877000000000407,"failureMessages":[],"meta":{},"tags":[]},{"ancestorTitles":["sleeper pool table layout — headers by sport"],"fullName":"sleeper pool table layout — headers by sport NBA exposes points / rebounds / assists / steals / blocks / threes","status":"passed","title":"NBA exposes points / rebounds / assists / steals / blocks / threes","duration":1.2711000000003878,"failureMessages":[],"meta":{},"tags":[]},{"ancestorTitles":["sleeper pool table layout — headers by sport"],"fullName":"sleeper pool table layout — headers by sport MLB hitter vs pitcher columns from position hint","status":"passed","title":"MLB hitter vs pitcher columns from position hint","duration":1.4115999999999076,"failureMessages":[],"meta":{},"tags":[]},{"ancestorTitles":["sleeper pool table layout — headers by sport"],"fullName":"sleeper pool table layout — headers by sport NHL skater vs goalie","status":"passed","title":"NHL skater vs goalie","duration":1.2833999999998014,"failureMessages":[],"meta":{},"tags":[]},{"ancestorTitles":["sleeper pool table layout — headers by sport"],"fullName":"sleeper pool table layout — headers by sport Soccer + extension sports expose expected keys","status":"passed","title":"Soccer + extension sports expose expected keys","duration":1.6851000000001477,"failureMessages":[],"meta":{},"tags":[]},{"ancestorTitles":["sleeper pool table layout — headers by sport"],"fullName":"sleeper pool table layout — headers by sport non-NFL omits BYE column","status":"passed","title":"non-NFL omits BYE column","duration":0.565599999999904,"failureMessages":[],"meta":{},"tags":[]},{"ancestorTitles":["cells — missing stats render em dash, not zero"],"fullName":"cells — missing stats render em dash, not zero formatDraftStatDisplay returns — for null","status":"passed","title":"formatDraftStatDisplay returns — for null","duration":1.760599999999613,"failureMessages":[],"meta":{},"tags":[]},{"ancestorTitles":["ADP vs AI ADP remain distinct columns in layout"],"fullName":"ADP vs AI ADP remain distinct columns in layout both adp and aiAdp precede stat section","status":"passed","title":"both adp and aiAdp precede stat section","duration":1.014599999999973,"failureMessages":[],"meta":{},"tags":[]},{"ancestorTitles":["sorting by sport stat columns"],"fullName":"sorting by sport stat columns sortValueForKey reads NBA points","status":"passed","title":"sortValueForKey reads NBA points","duration":1.0020999999997002,"failureMessages":[],"meta":{},"tags":[]},{"ancestorTitles":["sorting by sport stat columns"],"fullName":"sorting by sport stat columns applyPoolSort orders by pts desc","status":"passed","title":"applyPoolSort orders by pts desc","duration":0.8312000000000808,"failureMessages":[],"meta":{},"tags":[]},{"ancestorTitles":["wrong sport columns do not overlap keys"],"fullName":"wrong sport columns do not overlap keys NBA vs NFL stat key sets are disjoint for core stats","status":"passed","title":"NBA vs NFL stat key sets are disjoint for core stats","duration":0.4854000000000269,"failureMessages":[],"meta":{},"tags":[]}],"startTime":1778259426218,"endTime":1778259426239.4854,"status":"passed","message":"","name":"C:/Users/Guap_/allfantasy-v2-main/__tests__/draft-room/sleeper-pool-table-stat-columns.test.ts"},{"assertionResults":[{"ancestorTitles":["SOCCER stat columns"],"fullName":"SOCCER stat columns fielders get offensive RI-style stat keys","status":"passed","title":"fielders get offensive RI-style stat keys","duration":4.349999999999454,"failureMessages":[],"meta":{},"tags":[]},{"ancestorTitles":["SOCCER stat columns"],"fullName":"SOCCER stat columns goalkeepers get saves / goals conceded","status":"passed","title":"goalkeepers get saves / goals conceded","duration":1.1242999999994936,"failureMessages":[],"meta":{},"tags":[]},{"ancestorTitles":["SOCCER stat columns"],"fullName":"SOCCER stat columns defenders prefer clean sheets column group","status":"passed","title":"defenders prefer clean sheets column group","duration":0.7605000000003201,"failureMessages":[],"meta":{},"tags":[]}],"startTime":1778259480886,"endTime":1778259480892.7605,"status":"passed","message":"","name":"C:/Users/Guap_/allfantasy-v2-main/__tests__/draft-room/soccer-stat-columns.test.ts"},{"assertionResults":[{"ancestorTitles":["getDraftStatColumnsForSport"],"fullName":"getDraftStatColumnsForSport NFL offense columns for QB-style row","status":"passed","title":"NFL offense columns for QB-style row","duration":11.86220000000003,"failureMessages":[],"meta":{},"tags":[]},{"ancestorTitles":["getDraftStatColumnsForSport"],"fullName":"getDraftStatColumnsForSport NFL IDP columns for LB","status":"passed","title":"NFL IDP columns for LB","duration":5.953399999999874,"failureMessages":[],"meta":{},"tags":[]},{"ancestorTitles":["getDraftStatColumnsForSport"],"fullName":"getDraftStatColumnsForSport NCAAF offense vs IDP vs PK uses Rolling Insights-friendly aliases","status":"passed","title":"NCAAF offense vs IDP vs PK uses Rolling Insights-friendly aliases","duration":1.827099999999973,"failureMessages":[],"meta":{},"tags":[]},{"ancestorTitles":["getDraftStatColumnsForSport"],"fullName":"getDraftStatColumnsForSport NBA / NCAAB share basketball columns","status":"passed","title":"NBA / NCAAB share basketball columns","duration":4.918299999999817,"failureMessages":[],"meta":{},"tags":[]},{"ancestorTitles":["getDraftStatColumnsForSport"],"fullName":"getDraftStatColumnsForSport MLB hitter vs pitcher by position","status":"passed","title":"MLB hitter vs pitcher by position","duration":3.5434000000000196,"failureMessages":[],"meta":{},"tags":[]},{"ancestorTitles":["getDraftStatColumnsForSport"],"fullName":"getDraftStatColumnsForSport NHL skater vs goalie","status":"passed","title":"NHL skater vs goalie","duration":0.6239999999997963,"failureMessages":[],"meta":{},"tags":[]},{"ancestorTitles":["getDraftStatColumnsForSport"],"fullName":"getDraftStatColumnsForSport Soccer + extension sports return dedicated keys","status":"passed","title":"Soccer + extension sports return dedicated keys","duration":4.630999999999858,"failureMessages":[],"meta":{},"tags":[]},{"ancestorTitles":["getStatValueForDraftPlayer — resolves aliases"],"fullName":"getStatValueForDraftPlayer — resolves aliases NFL offense: splits + passing TD","status":"passed","title":"NFL offense: splits + passing TD","duration":4.110899999999674,"failureMessages":[],"meta":{},"tags":[]},{"ancestorTitles":["getStatValueForDraftPlayer — resolves aliases"],"fullName":"getStatValueForDraftPlayer — resolves aliases NFL IDP: tackles from loose stats keys","status":"passed","title":"NFL IDP: tackles from loose stats keys","duration":1.916400000000067,"failureMessages":[],"meta":{},"tags":[]},{"ancestorTitles":["getStatValueForDraftPlayer — resolves aliases"],"fullName":"getStatValueForDraftPlayer — resolves aliases NBA: points/rebounds from display.stats","status":"passed","title":"NBA: points/rebounds from display.stats","duration":1.080000000000382,"failureMessages":[],"meta":{},"tags":[]},{"ancestorTitles":["getStatValueForDraftPlayer — resolves aliases"],"fullName":"getStatValueForDraftPlayer — resolves aliases MLB hitter AVG / OBP formatting","status":"passed","title":"MLB hitter AVG / OBP formatting","duration":2.8279999999999745,"failureMessages":[],"meta":{},"tags":[]},{"ancestorTitles":["getStatValueForDraftPlayer — resolves aliases"],"fullName":"getStatValueForDraftPlayer — resolves aliases MLB pitcher","status":"passed","title":"MLB pitcher","duration":0.5895000000000437,"failureMessages":[],"meta":{},"tags":[]},{"ancestorTitles":["getStatValueForDraftPlayer — resolves aliases"],"fullName":"getStatValueForDraftPlayer — resolves aliases NHL skater + goalie","status":"passed","title":"NHL skater + goalie","duration":2.8616000000001804,"failureMessages":[],"meta":{},"tags":[]},{"ancestorTitles":["getStatValueForDraftPlayer — resolves aliases"],"fullName":"getStatValueForDraftPlayer — resolves aliases Soccer","status":"passed","title":"Soccer","duration":0.61850000000004,"failureMessages":[],"meta":{},"tags":[]},{"ancestorTitles":["getStatValueForDraftPlayer — resolves aliases"],"fullName":"getStatValueForDraftPlayer — resolves aliases NASCAR / PGA / WWE / Cricket extended keys","status":"passed","title":"NASCAR / PGA / WWE / Cricket extended keys","duration":3.654099999999744,"failureMessages":[],"meta":{},"tags":[]},{"ancestorTitles":["missing values + wrong sport"],"fullName":"missing values + wrong sport missing stats return null-safe read","status":"passed","title":"missing stats return null-safe read","duration":0.5916000000001986,"failureMessages":[],"meta":{},"tags":[]},{"ancestorTitles":["missing values + wrong sport"],"fullName":"missing values + wrong sport NBA row does not yield NFL pass yards","status":"passed","title":"NBA row does not yield NFL pass yards","duration":0.49260000000003856,"failureMessages":[],"meta":{},"tags":[]},{"ancestorTitles":["missing values + wrong sport"],"fullName":"missing values + wrong sport NFL row does not map to NBA rebounds column","status":"passed","title":"NFL row does not map to NBA rebounds column","duration":0.4547000000002299,"failureMessages":[],"meta":{},"tags":[]},{"ancestorTitles":["filterDraftPlayersByStat"],"fullName":"filterDraftPlayersByStat gt / lt / between / eq / exists","status":"passed","title":"gt / lt / between / eq / exists","duration":4.415100000000166,"failureMessages":[],"meta":{},"tags":[]},{"ancestorTitles":["ADP separation unchanged"],"fullName":"ADP separation unchanged resolvePlayerPoolAdpColumns keeps system vs AI separate","status":"passed","title":"resolvePlayerPoolAdpColumns keeps system vs AI separate","duration":2.052299999999832,"failureMessages":[],"meta":{},"tags":[]},{"ancestorTitles":["sportUsesColumnKeys disjoint across sports"],"fullName":"sportUsesColumnKeys disjoint across sports NFL offense keys do not include NBA pts key","status":"passed","title":"NFL offense keys do not include NBA pts key","duration":1.2433999999998377,"failureMessages":[],"meta":{},"tags":[]},{"ancestorTitles":["flattenDraftPlayerStatBag"],"fullName":"flattenDraftPlayerStatBag merges splits and display.stats without throwing","status":"passed","title":"merges splits and display.stats without throwing","duration":0.6534999999998945,"failureMessages":[],"meta":{},"tags":[]}],"startTime":1778259430848,"endTime":1778259430912.6536,"status":"passed","message":"","name":"C:/Users/Guap_/allfantasy-v2-main/__tests__/draft-room/sport-stat-columns.test.ts"},{"assertionResults":[{"ancestorTitles":["bug-stab #3 — DEF/DST position pill returns defense rows"],"fullName":"bug-stab #3 — DEF/DST position pill returns defense rows clicking the 'DEF' pill returns all defenses regardless of upstream label","status":"passed","title":"clicking the 'DEF' pill returns all defenses regardless of upstream label","duration":30.185199999999895,"failureMessages":[],"meta":{},"tags":[]},{"ancestorTitles":["bug-stab #3 — DEF/DST position pill returns defense rows"],"fullName":"bug-stab #3 — DEF/DST position pill returns defense rows clicking the 'DST' pill returns the same set (NFL standard slot label)","status":"passed","title":"clicking the 'DST' pill returns the same set (NFL standard slot label)","duration":1.9341999999996915,"failureMessages":[],"meta":{},"tags":[]},{"ancestorTitles":["bug-stab #3 — DEF/DST position pill returns defense rows"],"fullName":"bug-stab #3 — DEF/DST position pill returns defense rows 'D/ST' (legacy slash variant) also matches the alias group","status":"passed","title":"'D/ST' (legacy slash variant) also matches the alias group","duration":11.692399999999907,"failureMessages":[],"meta":{},"tags":[]},{"ancestorTitles":["bug-stab #3 — DEF/DST position pill returns defense rows"],"fullName":"bug-stab #3 — DEF/DST position pill returns defense rows case-insensitive — lowercase \"def\" input still hits the alias group","status":"passed","title":"case-insensitive — lowercase \"def\" input still hits the alias group","duration":0.779500000000553,"failureMessages":[],"meta":{},"tags":[]},{"ancestorTitles":["bug-stab #3 — DEF/DST position pill returns defense rows"],"fullName":"bug-stab #3 — DEF/DST position pill returns defense rows regression guard — non-defense filters still work (RB returns just RBs)","status":"passed","title":"regression guard — non-defense filters still work (RB returns just RBs)","duration":3.850400000001173,"failureMessages":[],"meta":{},"tags":[]},{"ancestorTitles":["bug-stab #3 — DEF/DST position pill returns defense rows"],"fullName":"bug-stab #3 — DEF/DST position pill returns defense rows PlayerPanel pill-count logic also collapses the alias group","status":"failed","title":"PlayerPanel pill-count logic also collapses the alias group","duration":81.03880000000026,"failureMessages":["AssertionError: expected '\\'use client\\'\\r\\n\\r\\nimport React, {…' to match /v === 'DEF' \\|\\| v === 'DST' \\|\\| …/ST'\n    at C:/Users/Guap_/allfantasy-v2-main/__tests__/draft/bug-stab-pass.test.ts:81:17\n    at file:///C:/Users/Guap_/allfantasy-v2-main/node_modules/@vitest/runner/dist/chunk-artifact.js:302:11\n    at file:///C:/Users/Guap_/allfantasy-v2-main/node_modules/@vitest/runner/dist/chunk-artifact.js:1903:26\n    at file:///C:/Users/Guap_/allfantasy-v2-main/node_modules/@vitest/runner/dist/chunk-artifact.js:2326:20\n    at new Promise (<anonymous>)\n    at runWithCancel (file:///C:/Users/Guap_/allfantasy-v2-main/node_modules/@vitest/runner/dist/chunk-artifact.js:2323:10)\n    at file:///C:/Users/Guap_/allfantasy-v2-main/node_modules/@vitest/runner/dist/chunk-artifact.js:2305:20\n    at new Promise (<anonymous>)\n    at runWithTimeout (file:///C:/Users/Guap_/allfantasy-v2-main/node_modules/@vitest/runner/dist/chunk-artifact.js:2272:10)\n    at file:///C:/Users/Guap_/allfantasy-v2-main/node_modules/@vitest/runner/dist/chunk-artifact.js:2955:64"],"meta":{},"tags":[]},{"ancestorTitles":["bug-stab #10 — paused-timer countdown stays frozen until resume"],"fullName":"bug-stab #10 — paused-timer countdown stays frozen until resume when paused, setTimerSeconds writes pausedRemainingSeconds and does NOT touch timerEndAt","status":"passed","title":"when paused, setTimerSeconds writes pausedRemainingSeconds and does NOT touch timerEndAt","duration":7.122799999999188,"failureMessages":[],"meta":{},"tags":[]},{"ancestorTitles":["bug-stab #10 — paused-timer countdown stays frozen until resume"],"fullName":"bug-stab #10 — paused-timer countdown stays frozen until resume when in_progress, setTimerSeconds DOES restart timerEndAt (live behavior preserved)","status":"passed","title":"when in_progress, setTimerSeconds DOES restart timerEndAt (live behavior preserved)","duration":0.7509999999983847,"failureMessages":[],"meta":{},"tags":[]},{"ancestorTitles":["bug-stab #10 — paused-timer countdown stays frozen until resume"],"fullName":"bug-stab #10 — paused-timer countdown stays frozen until resume resumeDraft consumes pausedRemainingSeconds first (so the staged value applies)","status":"passed","title":"resumeDraft consumes pausedRemainingSeconds first (so the staged value applies)","duration":0.5925000000006548,"failureMessages":[],"meta":{},"tags":[]},{"ancestorTitles":["bug-stab #2 — GlobalModeToggle excludes /draft/ to free the War Room corner"],"fullName":"bug-stab #2 — GlobalModeToggle excludes /draft/ to free the War Room corner explicitly returns null on /draft/* so the bottom-right corner is free for WarRoomPopup","status":"passed","title":"explicitly returns null on /draft/* so the bottom-right corner is free for WarRoomPopup","duration":1.7492999999994936,"failureMessages":[],"meta":{},"tags":[]},{"ancestorTitles":["bug-stab #2 — GlobalModeToggle excludes /draft/ to free the War Room corner"],"fullName":"bug-stab #2 — GlobalModeToggle excludes /draft/ to free the War Room corner still excludes the original list (admin, dashboard, league)","status":"passed","title":"still excludes the original list (admin, dashboard, league)","duration":4.190200000000914,"failureMessages":[],"meta":{},"tags":[]},{"ancestorTitles":["bug-stab — NO-OP confirmations (line citations for the manual smoke report)"],"fullName":"bug-stab — NO-OP confirmations (line citations for the manual smoke report) Queue button is rendered in SleeperPoolTable rows (Plus icon, aria-label, testid)","
[...]
ation source defines the missing legacy tab keys"],"fullName":"Translation source defines the missing legacy tab keys EN translations.ts has draftRoom.legacy.queueTab / rosterTab / aiTab","status":"passed","title":"EN translations.ts has draftRoom.legacy.queueTab / rosterTab / aiTab","duration":17.07879999999932,"failureMessages":[],"meta":{},"tags":[]},{"ancestorTitles":["Translation source defines the missing legacy tab keys"],"fullName":"Translation source defines the missing legacy tab keys ES parity translations-es-parity.ts has the same three keys (with ES values)","status":"passed","title":"ES parity translations-es-parity.ts has the same three keys (with ES values)","duration":2.6403000000009342,"failureMessages":[],"meta":{},"tags":[]},{"ancestorTitles":["DraftShell resilient label resolver"],"fullName":"DraftShell resilient label resolver does NOT use the broken `t(...) ?? literal` shape that leaked raw keys","status":"passed","title":"does NOT use the broken `t(...) ?? literal` shape that leaked raw keys","duration":2.488199999999779,"failureMessages":[],"meta":{},"tags":[]},{"ancestorTitles":["DraftShell resilient label resolver"],"fullName":"DraftShell resilient label resolver declares the four right-tab entries with both i18nKey AND literal label","status":"passed","title":"declares the four right-tab entries with both i18nKey AND literal label","duration":2.6664999999993597,"failureMessages":[],"meta":{},"tags":[]},{"ancestorTitles":["DraftShell resilient label resolver"],"fullName":"DraftShell resilient label resolver falls back to the literal label when t() returns the key string itself","status":"passed","title":"falls back to the literal label when t() returns the key string itself","duration":2.5583000000005995,"failureMessages":[],"meta":{},"tags":[]},{"ancestorTitles":["DraftShell resilient label resolver"],"fullName":"DraftShell resilient label resolver preserves the existing test ids on each rendered tab button","status":"passed","title":"preserves the existing test ids on each rendered tab button","duration":1.5379999999986467,"failureMessages":[],"meta":{},"tags":[]},{"ancestorTitles":["DraftShell resilient label resolver"],"fullName":"DraftShell resilient label resolver does not contain any visible literal `draftRoom.legacy.` strings outside translation lookups","status":"passed","title":"does not contain any visible literal `draftRoom.legacy.` strings outside translation lookups","duration":3.446799999999712,"failureMessages":[],"meta":{},"tags":[]},{"ancestorTitles":["Commit L–V locks still hold after Commit W"],"fullName":"Commit L–V locks still hold after Commit W Commit P — DraftPlayerCard still has stable data testids (no UI regression)","status":"passed","title":"Commit P — DraftPlayerCard still has stable data testids (no UI regression)","duration":3.0648000000001048,"failureMessages":[],"meta":{},"tags":[]},{"ancestorTitles":["Commit L–V locks still hold after Commit W"],"fullName":"Commit L–V locks still hold after Commit W Commit S — DraftTeamPanel still computes teamNeeds + byeClusters","status":"passed","title":"Commit S — DraftTeamPanel still computes teamNeeds + byeClusters","duration":3.8694999999988795,"failureMessages":[],"meta":{},"tags":[]},{"ancestorTitles":["Commit L–V locks still hold after Commit W"],"fullName":"Commit L–V locks still hold after Commit W Commit M — submitPick still has the expectedOverall stale guard","status":"passed","title":"Commit M — submitPick still has the expectedOverall stale guard","duration":1.4491999999991094,"failureMessages":[],"meta":{},"tags":[]},{"ancestorTitles":["Commit L–V locks still hold after Commit W"],"fullName":"Commit L–V locks still hold after Commit W Commit T — submitPick still emits announcement with aiManager + commissionerOverride","status":"passed","title":"Commit T — submitPick still emits announcement with aiManager + commissionerOverride","duration":3.0653999999994994,"failureMessages":[],"meta":{},"tags":[]},{"ancestorTitles":["No mechanics changes (Commit W is visual-only)"],"fullName":"No mechanics changes (Commit W is visual-only) lib/live-draft-engine/PickSubmissionService.ts is unchanged shape (still exports submitPick + emits announcement)","status":"passed","title":"lib/live-draft-engine/PickSubmissionService.ts is unchanged shape (still exports submitPick + emits announcement)","duration":5.307699999999386,"failureMessages":[],"meta":{},"tags":[]},{"ancestorTitles":["No mechanics changes (Commit W is visual-only)"],"fullName":"No mechanics changes (Commit W is visual-only) app/api/leagues/[leagueId]/draft/pick/route.ts still imports the canonical submitPick","status":"passed","title":"app/api/leagues/[leagueId]/draft/pick/route.ts still imports the canonical submitPick","duration":3.833700000001045,"failureMessages":[],"meta":{},"tags":[]},{"ancestorTitles":["No mechanics changes (Commit W is visual-only)"],"fullName":"No mechanics changes (Commit W is visual-only) DraftRoomShell still mounts DraftRoomPageClient unchanged (Commit V responsive contract intact)","status":"passed","title":"DraftRoomShell still mounts DraftRoomPageClient unchanged (Commit V responsive contract intact)","duration":6.441100000000006,"failureMessages":[],"meta":{},"tags":[]}],"startTime":1778259468579,"endTime":1778259468643.4412,"status":"passed","message":"","name":"C:/Users/Guap_/allfantasy-v2-main/__tests__/draft/w-draft-shell-i18n-tab-labels.test.ts"},{"assertionResults":[{"ancestorTitles":["Legacy DraftBoard — outer container test id"],"fullName":"Legacy DraftBoard — outer container test id outer board container carries data-testid=\"legacy-draft-board\"","status":"passed","title":"outer board container carries data-testid=\"legacy-draft-board\"","duration":17.347099999999955,"failureMessages":[],"meta":{},"tags":[]},{"ancestorTitles":["Legacy DraftBoard — outer container test id"],"fullName":"Legacy DraftBoard — outer container test id snake-order helper is preserved (round-direction calculation unchanged)","status":"passed","title":"snake-order helper is preserved (round-direction calculation unchanged)","duration":0.6840999999994892,"failureMessages":[],"meta":{},"tags":[]},{"ancestorTitles":["Legacy DraftBoard — outer container test id"],"fullName":"Legacy DraftBoard — outer container test id still passes pick / managerIndex / isCurrentPick / isTraded into PickCell","status":"passed","title":"still passes pick / managerIndex / isCurrentPick / isTraded into PickCell","duration":0.5563999999994849,"failureMessages":[],"meta":{},"tags":[]},{"ancestorTitles":["Legacy PickCell — chrome upgrade contract"],"fullName":"Legacy PickCell — chrome upgrade contract cell wrapper carries the canonical data-testid + state attributes","status":"passed","title":"cell wrapper carries the canonical data-testid + state attributes","duration":0.9652999999998428,"failureMessages":[],"meta":{},"tags":[]},{"ancestorTitles":["Legacy PickCell — chrome upgrade contract"],"fullName":"Legacy PickCell — chrome upgrade contract open cells use dashed border (Sleeper-style empty-slot cue, NOT a flat solid)","status":"passed","title":"open cells use dashed border (Sleeper-style empty-slot cue, NOT a flat solid)","duration":3.80619999999999,"failureMessages":[],"meta":{},"tags":[]},{"ancestorTitles":["Legacy PickCell — chrome upgrade contract"],"fullName":"Legacy PickCell — chrome upgrade contract on-the-clock cells keep cyan ring + pulse PLUS an explicit ON THE CLOCK tag","status":"passed","title":"on-the-clock cells keep cyan ring + pulse PLUS an explicit ON THE CLOCK tag","duration":6.067399999999907,"failureMessages":[],"meta":{},"tags":[]},{"ancestorTitles":["Legacy PickCell — chrome upgrade contract"],"fullName":"Legacy PickCell — chrome upgrade contract filled cells render a manager color stripe along the left edge","status":"passed","title":"filled cells render a manager color stripe along the left edge","duration":6.8442000000004555,"failureMessages":[],"meta":{},"tags":[]},{"ancestorTitles":["Legacy PickCell — chrome upgrade contract"],"fullName":"Legacy PickCell — chrome upgrade contract pick-number badge has the canonical testid and pill styling","status":"passed","title":"pick-number badge has the canonical testid and pill styling","duration":7.795500000000175,"failureMessages":[],"meta":{},"tags":[]},{"ancestorTitles":["Legacy PickCell — chrome upgrade contract"],"fullName":"Legacy PickCell — chrome upgrade contract open-label testid renders for open AND on-the-clock (the latter shows \"Pick R.PP\")","status":"passed","title":"open-label testid renders for open AND on-the-clock (the latter shows \"Pick R.PP\")","duration":5.1853000000000975,"failureMessages":[],"meta":{},"tags":[]},{"ancestorTitles":["Legacy PickCell — chrome upgrade contract"],"fullName":"Legacy PickCell — chrome upgrade contract filled cells expose stable testids for player name and meta line","status":"passed","title":"filled cells expose stable testids for player name and meta line","duration":0.7195000000001528,"failureMessages":[],"meta":{},"tags":[]},{"ancestorTitles":["Legacy PickCell — chrome upgrade contract"],"fullName":"Legacy PickCell — chrome upgrade contract filled cells render position as a chip-style pill (not bare text)","status":"passed","title":"filled cells render position as a chip-style pill (not bare text)","duration":0.4943999999995867,"failureMessages":[],"meta":{},"tags":[]},{"ancestorTitles":["Legacy PickCell — chrome upgrade contract"],"fullName":"Legacy PickCell — chrome upgrade contract TradedPickBadge still renders when isTraded","status":"passed","title":"TradedPickBadge still renders when isTraded","duration":5.983999999999469,"failureMessages":[],"meta":{},"tags":[]},{"ancestorTitles":["Legacy PickCell — chrome upgrade contract"],"fullName":"Legacy PickCell — chrome upgrade contract manager color helper still drives filled-cell coloring","status":"passed","title":"manager color helper still drives filled-cell coloring","duration":0.6084000000000742,"failureMessages":[],"meta":{},"tags":[]},{"ancestorTitles":["No mechanics changes (W.3 is visual-only)"],"fullName":"No mechanics changes (W.3 is visual-only) PickCell does not import submitPick / execute-pick","status":"passed","title":"PickCell does not import submitPick / execute-pick","duration":0.6414999999997235,"failureMessages":[],"meta":{},"tags":[]},{"ancestorTitles":["No mechanics changes (W.3 is visual-only)"],"fullName":"No mechanics changes (W.3 is visual-only) DraftBoard does not import submitPick / execute-pick","status":"passed","title":"DraftBoard does not import submitPick / execute-pick","duration":9.78480000000036,"failureMessages":[],"meta":{},"tags":[]},{"ancestorTitles":["New snake redraft route is untouched (W.3 is legacy-only)"],"fullName":"New snake redraft route is untouched (W.3 is legacy-only) components/app/draft-room/DraftBoard.tsx still has the Commit V testids","status":"passed","title":"components/app/draft-room/DraftBoard.tsx still has the Commit V testids","duration":8.633299999999508,"failureMessages":[],"meta":{},"tags":[]},{"ancestorTitles":["New snake redraft route is untouched (W.3 is legacy-only)"],"fullName":"New snake redraft route is untouched (W.3 is legacy-only) components/app/draft-room/DraftRoomPageClient.tsx still has the Commit J 409 handler","status":"passed","title":"components/app/draft-room/DraftRoomPageClient.tsx still has the Commit J 409 handler","duration":6.092900000000554,"failureMessages":[],"meta":{},"tags":[]},{"ancestorTitles":["W.1 + W.2 fixes still in place"],"fullName":"W.1 + W.2 fixes still in place W.1 — DraftShell tab strip resolver still uses the resilient label fallback","status":"passed","title":"W.1 — DraftShell tab strip resolver still uses the resilient label fallback","duration":52.5005000000001,"failureMessages":[],"meta":{},"tags":[]},{"ancestorTitles":["W.1 + W.2 fixes still in place"],"fullName":"W.1 + W.2 fixes still in place W.1 — translation source still defines the legacy tab keys","status":"passed","title":"W.1 — translation source still defines the legacy tab keys","duration":6.651499999999942,"failureMessages":[],"meta":{},"tags":[]},{"ancestorTitles":["W.1 + W.2 fixes still in place"],"fullName":"W.1 + W.2 fixes still in place W.2 — legacy PlayerPool position-filter row still uses overflow-x-auto + no-wrap","status":"passed","title":"W.2 — legacy PlayerPool position-filter row still uses overflow-x-auto + no-wrap","duration":1.3161000000000058,"failureMessages":[],"meta":{},"tags":[]},{"ancestorTitles":["W.1 + W.2 fixes still in place"],"fullName":"W.1 + W.2 fixes still in place W.2 — legacy PlayerPool empty state + clear-filters CTA still present","status":"passed","title":"W.2 — legacy PlayerPool empty state + clear-filters CTA still present","duration":1.1868999999996959,"failureMessages":[],"meta":{},"tags":[]}],"startTime":1778259432746,"endTime":1778259432905.187,"status":"passed","message":"","name":"C:/Users/Guap_/allfantasy-v2-main/__tests__/draft/w-legacy-board-cell-chrome.test.ts"},{"assertionResults":[{"ancestorTitles":["Legacy PlayerPool — filter bar layout"],"fullName":"Legacy PlayerPool — filter bar layout filter bar carries the canonical test id","status":"passed","title":"filter bar carries the canonical test id","duration":3.8293000000003303,"failureMessages":[],"meta":{},"tags":[]},{"ancestorTitles":["Legacy PlayerPool — filter bar layout"],"fullName":"Legacy PlayerPool — filter bar layout position-filter row uses horizontal scroll + no-wrap (NOT flex-wrap)","status":"passed","title":"position-filter row uses horizontal scroll + no-wrap (NOT flex-wrap)","duration":1.3438000000005559,"failureMessages":[],"meta":{},"tags":[]},{"ancestorTitles":["Legacy PlayerPool — filter bar layout"],"fullName":"Legacy PlayerPool — filter bar layout every position chip renders as role=\"radio\" with a stable per-position testid","status":"passed","title":"every position chip renders as role=\"radio\" with a stable per-position testid","duration":0.6226999999998952,"failureMessages":[],"meta":{},"tags":[]},{"ancestorTitles":["Legacy PlayerPool — filter bar layout"],"fullName":"Legacy PlayerPool — filter bar layout filter bar uses a stronger border divider so it visually separates from the results","status":"passed","title":"filter bar uses a stronger border divider so it visually separates from the results","duration":0.36889999999948486,"failureMessages":[],"meta":{},"tags":[]},{"ancestorTitles":["Legacy PlayerPool — filter bar layout"],"fullName":"Legacy PlayerPool — filter bar layout search input carries a stable testid","status":"passed","title":"search input carries a stable testid","duration":0.3635000000003856,"failureMessages":[],"meta":{},"tags":[]},{"ancestorTitles":["Legacy PlayerPool — results region + empty state"],"fullName":"Legacy PlayerPool — results region + empty state results region carries the canonical test id","status":"passed","title":"results region carries the canonical test id","duration":0.44460000000071886,"failureMessages":[],"meta":{},"tags":[]},{"ancestorTitles":["Legacy PlayerPool — results region + empty state"],"fullName":"Legacy PlayerPool — results region + empty state empty state renders when filtered.length === 0","status":"passed","title":"empty state renders when filtered.length === 0","duration":0.5092000000004191,"failureMessages":[],"meta":{},"tags":[]},{"ancestorTitles":["Legacy PlayerPool — results region + empty state"],"fullName":"Legacy PlayerPool — results region + empty state empty-state copy distinguishes \"loading\" from \"all-filtered-out\"","status":"passed","title":"empty-state copy distinguishes \"loading\" from \"all-filtered-out\"","duration":0.4364999999997963,"failureMessages":[],"meta":{},"tags":[]},{"ancestorTitles":["Legacy PlayerPool — results region + empty state"],"fullName":"Legacy PlayerPool — results region + empty state clear-filters CTA renders ONLY when a narrowing filter is active","status":"passed","title":"clear-filters CTA renders ONLY when a narrowing filter is active","duration":0.6577000000006592,"failureMessages":[],"meta":{},"tags":[]},{"ancestorTitles":["Legacy PlayerPool — results region + empty state"],"fullName":"Legacy PlayerPool — results region + empty state clearAllFilters resets every filter back to defaults","status":"passed","title":"clearAllFilters resets every filter back to defaults","duration":0.6692999999995664,"failureMessages":[],"meta":{},"tags":[]},{"ancestorTitles":["Legacy PlayerPool — preserved behavior (no mechanics changes)"],"fullName":"Legacy PlayerPool — preserved behavior (no mechanics changes) still calls onDraft / onQueue from row buttons","status":"passed","title":"still calls onDraft / onQueue from row buttons","duration":0.4981999999999971,"failureMessages":[],"meta":{},"tags":[]},{"ancestorTitles":["Legacy PlayerPool — preserved behavior (no mechanics changes)"],"fullName":"Legacy PlayerPool — preserved behavior (no mechanics changes) still gates the Draft button on canDraft + drafted-id check","status":"passed","title":"still gates the Draft button on canDraft + drafted-id check","duration":0.3894000000000233,"failureMessages":[],"meta":{},"tags":[]},{"ancestorTitles":["Legacy PlayerPool — preserved behavior (no mechanics changes)"],"fullName":"Legacy PlayerPool — preserved behavior (no mechanics changes) still uses the same filter predicate (no behavior drift)","status":"passed","title":"still uses the same filter predicate (no behavior drift)","duration":0.4155000000000655,"failureMessages":[],"meta":{},"tags":[]},{"ancestorTitles":["Legacy PlayerPool — preserved behavior (no mechanics changes)"],"fullName":"Legacy PlayerPool — preserved behavior (no mechanics changes) still renders injury chip per row with stable testid","status":"passed","title":"still renders injury chip per row with stable testid","duration":0.29800000000068394,"failureMessages":[],"meta":{},"tags":[]},{"ancestorTitles":["Legacy PlayerPool — preserved behavior (no mechanics changes)"],"fullName":"Legacy PlayerPool — preserved behavior (no mechanics changes) still renders the player-row testid that other tests rely on","status":"passed","title":"still renders the player-row testid that other tests rely on","duration":0.26819999999952415,"failureMessages":[],"meta":{},"tags":[]},{"ancestorTitles":["W.1 i18n leak fix still in place"],"fullName":"W.1 i18n leak fix still in place DraftShell tab strip resolver still uses the resilient label fallback","status":"passed","title":"DraftShell tab strip resolver still uses the resilient label fallback","duration":1.0895000000000437,"failureMessages":[],"meta":{},"tags":[]},{"ancestorTitles":["W.1 i18n leak fix still in place"],"fullName":"W.1 i18n leak fix still in place translation source still defines the legacy tab keys","status":"passed","title":"translation source still defines the legacy tab keys","duration":3.0825999999997293,"failureMessages":[],"meta":{},"tags":[]},{"ancestorTitles":["New snake redraft route is untouched (W.2 is legacy-only)"],"fullName":"New snake redraft route is untouched (W.2 is legacy-only) components/app/draft-room/PlayerPanel.tsx still has Commit N rookies/vets imports","status":"passed","title":"components/app/draft-room/PlayerPanel.tsx still has Commit N rookies/vets imports","duration":1.8976000000002387,"failureMessages":[],"meta":{},"tags":[]},{"ancestorTitles":["New snake redraft route is untouched (W.2 is legacy-only)"],"fullName":"New snake redraft route is untouched (W.2 is legacy-only) components/app/draft-room/DraftRoomPageClient.tsx still has the Commit J 409 handler","status":"passed","title":"components/app/draft-room/DraftRoomPageClient.tsx still has the Commit J 409 handler","duration":2.1678000000001703,"failureMessages":[],"meta":{},"tags":[]}],"startTime":1778259473412,"endTime":1778259473433.1677,"status":"passed","message":"","name":"C:/Users/Guap_/allfantasy-v2-main/__tests__/draft/w-legacy-player-pool-layout.test.ts"}]}